Copyright 1986-2016 Xilinx, Inc. All Rights Reserved.
-----------------------------------------------------------------------------------------------------
| Tool Version : Vivado v.2016.1 (win64) Build 1538259 Fri Apr  8 15:45:27 MDT 2016
| Date         : Fri Sep 01 04:02:30 2017
| Host         : WIN-20160928TAF running 64-bit Service Pack 1  (build 7601)
| Command      : report_drc -file accelerator_v1_0_drc_routed.rpt -pb accelerator_v1_0_drc_routed.pb
| Design       : accelerator_v1_0
| Device       : xc7z020clg400-1
| Speed File   : -1
-----------------------------------------------------------------------------------------------------

Report DRC

Table of Contents
-----------------
1. REPORT SUMMARY
2. REPORT DETAILS

1. REPORT SUMMARY
-----------------
            Netlist: netlist
          Floorplan: design_1
      Design limits: <entire design considered>
           Ruledeck: default
             Max violations: <unlimited>
             Violations found: 153

2. REPORT DETAILS
-----------------
NSTD-1#1 Critical Warning
Unspecified I/O Standard  
76 out of 76 logical ports use I/O standard (IOSTANDARD) value 'DEFAULT', instead of a user assigned specific value. This may cause I/O contention or incompatibility with the board power or connectivity affecting performance, signal integrity or in extreme cases cause damage to the device or the components to which it is connected. To correct this violation, specify all I/O standards. This design will fail to generate a bitstream unless all logical ports have a user specified I/O standard value defined. To allow bitstream creation with unspecified I/O standard values (not recommended), use this command: set_property SEVERITY {Warning} [get_drc_checks NSTD-1].  NOTE: When using the Vivado Runs infrastructure (e.g. launch_runs Tcl command), add this command to a .tcl file and add that file as a pre-hook for write_bitstream step for the implementation run. Problem ports: s00_axis_tdata[31:0], m00_axis_tdata[31:0], m00_axis_tlast, s00_axis_aresetn, s00_axis_tvalid, m00_axis_aclk, m00_axis_aresetn, m00_axis_tvalid, s00_axis_aclk, m00_axis_tstrb[3:0], s00_axis_tready.
Related violations: <none>

UCIO-1#1 Critical Warning
Unconstrained Logical Port  
76 out of 76 logical ports have no user assigned specific location constraint (LOC). This may cause I/O contention or incompatibility with the board power or connectivity affecting performance, signal integrity or in extreme cases cause damage to the device or the components to which it is connected. To correct this violation, specify all pin locations. This design will fail to generate a bitstream unless all logical ports have a user specified site LOC constraint defined.  To allow bitstream creation with unspecified pin locations (not recommended), use this command: set_property SEVERITY {Warning} [get_drc_checks UCIO-1].  NOTE: When using the Vivado Runs infrastructure (e.g. launch_runs Tcl command), add this command to a .tcl file and add that file as a pre-hook for write_bitstream step for the implementation run.  Problem ports: s00_axis_tdata[31:0], m00_axis_tdata[31:0], m00_axis_tlast, s00_axis_aresetn, s00_axis_tvalid, m00_axis_aclk, m00_axis_aresetn, m00_axis_tvalid, s00_axis_aclk, m00_axis_tstrb[3:0], s00_axis_tready.
Related violations: <none>

DPIP-1#1 Warning
Input pipelining  
DSP mult_u1/U0/i_mult/gDSP.gHYBRID.iHYBRID/two_fabric_mults.dsp_based.iDSP/use_prim.appDSP48[0].bppDSP48[0].use_dsp.use_dsp48e1.iDSP48E1 input mult_u1/U0/i_mult/gDSP.gHYBRID.iHYBRID/two_fabric_mults.dsp_based.iDSP/use_prim.appDSP48[0].bppDSP48[0].use_dsp.use_dsp48e1.iDSP48E1/B[17:0] is not pipelined. Pipelining DSP48 input will improve performance.
Related violations: <none>

DPIP-1#2 Warning
Input pipelining  
DSP mult_u1/U0/i_mult/gDSP.gHYBRID.iHYBRID/two_fabric_mults.dsp_based.iDSP/use_prim.appDSP48[0].bppDSP48[0].use_dsp.use_dsp48e1.iDSP48E1 input mult_u1/U0/i_mult/gDSP.gHYBRID.iHYBRID/two_fabric_mults.dsp_based.iDSP/use_prim.appDSP48[0].bppDSP48[0].use_dsp.use_dsp48e1.iDSP48E1/C[47:0] is not pipelined. Pipelining DSP48 input will improve performance.
Related violations: <none>

DPIP-1#3 Warning
Input pipelining  
DSP mult_u10/U0/i_mult/gDSP.gHYBRID.iHYBRID/two_fabric_mults.dsp_based.iDSP/use_prim.appDSP48[0].bppDSP48[0].use_dsp.use_dsp48e1.iDSP48E1 input mult_u10/U0/i_mult/gDSP.gHYBRID.iHYBRID/two_fabric_mults.dsp_based.iDSP/use_prim.appDSP48[0].bppDSP48[0].use_dsp.use_dsp48e1.iDSP48E1/B[17:0] is not pipelined. Pipelining DSP48 input will improve performance.
Related violations: <none>

DPIP-1#4 Warning
Input pipelining  
DSP mult_u10/U0/i_mult/gDSP.gHYBRID.iHYBRID/two_fabric_mults.dsp_based.iDSP/use_prim.appDSP48[0].bppDSP48[0].use_dsp.use_dsp48e1.iDSP48E1 input mult_u10/U0/i_mult/gDSP.gHYBRID.iHYBRID/two_fabric_mults.dsp_based.iDSP/use_prim.appDSP48[0].bppDSP48[0].use_dsp.use_dsp48e1.iDSP48E1/C[47:0] is not pipelined. Pipelining DSP48 input will improve performance.
Related violations: <none>

DPIP-1#5 Warning
Input pipelining  
DSP mult_u11/U0/i_mult/gDSP.gHYBRID.iHYBRID/two_fabric_mults.dsp_based.iDSP/use_prim.appDSP48[0].bppDSP48[0].use_dsp.use_dsp48e1.iDSP48E1 input mult_u11/U0/i_mult/gDSP.gHYBRID.iHYBRID/two_fabric_mults.dsp_based.iDSP/use_prim.appDSP48[0].bppDSP48[0].use_dsp.use_dsp48e1.iDSP48E1/B[17:0] is not pipelined. Pipelining DSP48 input will improve performance.
Related violations: <none>

DPIP-1#6 Warning
Input pipelining  
DSP mult_u11/U0/i_mult/gDSP.gHYBRID.iHYBRID/two_fabric_mults.dsp_based.iDSP/use_prim.appDSP48[0].bppDSP48[0].use_dsp.use_dsp48e1.iDSP48E1 input mult_u11/U0/i_mult/gDSP.gHYBRID.iHYBRID/two_fabric_mults.dsp_based.iDSP/use_prim.appDSP48[0].bppDSP48[0].use_dsp.use_dsp48e1.iDSP48E1/C[47:0] is not pipelined. Pipelining DSP48 input will improve performance.
Related violations: <none>

DPIP-1#7 Warning
Input pipelining  
DSP mult_u12/U0/i_mult/gDSP.gHYBRID.iHYBRID/two_fabric_mults.dsp_based.iDSP/use_prim.appDSP48[0].bppDSP48[0].use_dsp.use_dsp48e1.iDSP48E1 input mult_u12/U0/i_mult/gDSP.gHYBRID.iHYBRID/two_fabric_mults.dsp_based.iDSP/use_prim.appDSP48[0].bppDSP48[0].use_dsp.use_dsp48e1.iDSP48E1/B[17:0] is not pipelined. Pipelining DSP48 input will improve performance.
Related violations: <none>

DPIP-1#8 Warning
Input pipelining  
DSP mult_u12/U0/i_mult/gDSP.gHYBRID.iHYBRID/two_fabric_mults.dsp_based.iDSP/use_prim.appDSP48[0].bppDSP48[0].use_dsp.use_dsp48e1.iDSP48E1 input mult_u12/U0/i_mult/gDSP.gHYBRID.iHYBRID/two_fabric_mults.dsp_based.iDSP/use_prim.appDSP48[0].bppDSP48[0].use_dsp.use_dsp48e1.iDSP48E1/C[47:0] is not pipelined. Pipelining DSP48 input will improve performance.
Related violations: <none>

DPIP-1#9 Warning
Input pipelining  
DSP mult_u13/U0/i_mult/gDSP.gHYBRID.iHYBRID/two_fabric_mults.dsp_based.iDSP/use_prim.appDSP48[0].bppDSP48[0].use_dsp.use_dsp48e1.iDSP48E1 input mult_u13/U0/i_mult/gDSP.gHYBRID.iHYBRID/two_fabric_mults.dsp_based.iDSP/use_prim.appDSP48[0].bppDSP48[0].use_dsp.use_dsp48e1.iDSP48E1/B[17:0] is not pipelined. Pipelining DSP48 input will improve performance.
Related violations: <none>

DPIP-1#10 Warning
Input pipelining  
DSP mult_u13/U0/i_mult/gDSP.gHYBRID.iHYBRID/two_fabric_mults.dsp_based.iDSP/use_prim.appDSP48[0].bppDSP48[0].use_dsp.use_dsp48e1.iDSP48E1 input mult_u13/U0/i_mult/gDSP.gHYBRID.iHYBRID/two_fabric_mults.dsp_based.iDSP/use_prim.appDSP48[0].bppDSP48[0].use_dsp.use_dsp48e1.iDSP48E1/C[47:0] is not pipelined. Pipelining DSP48 input will improve performance.
Related violations: <none>

DPIP-1#11 Warning
Input pipelining  
DSP mult_u14/U0/i_mult/gDSP.gHYBRID.iHYBRID/two_fabric_mults.dsp_based.iDSP/use_prim.appDSP48[0].bppDSP48[0].use_dsp.use_dsp48e1.iDSP48E1 input mult_u14/U0/i_mult/gDSP.gHYBRID.iHYBRID/two_fabric_mults.dsp_based.iDSP/use_prim.appDSP48[0].bppDSP48[0].use_dsp.use_dsp48e1.iDSP48E1/B[17:0] is not pipelined. Pipelining DSP48 input will improve performance.
Related violations: <none>

DPIP-1#12 Warning
Input pipelining  
DSP mult_u14/U0/i_mult/gDSP.gHYBRID.iHYBRID/two_fabric_mults.dsp_based.iDSP/use_prim.appDSP48[0].bppDSP48[0].use_dsp.use_dsp48e1.iDSP48E1 input mult_u14/U0/i_mult/gDSP.gHYBRID.iHYBRID/two_fabric_mults.dsp_based.iDSP/use_prim.appDSP48[0].bppDSP48[0].use_dsp.use_dsp48e1.iDSP48E1/C[47:0] is not pipelined. Pipelining DSP48 input will improve performance.
Related violations: <none>

DPIP-1#13 Warning
Input pipelining  
DSP mult_u15/U0/i_mult/gDSP.gHYBRID.iHYBRID/two_fabric_mults.dsp_based.iDSP/use_prim.appDSP48[0].bppDSP48[0].use_dsp.use_dsp48e1.iDSP48E1 input mult_u15/U0/i_mult/gDSP.gHYBRID.iHYBRID/two_fabric_mults.dsp_based.iDSP/use_prim.appDSP48[0].bppDSP48[0].use_dsp.use_dsp48e1.iDSP48E1/B[17:0] is not pipelined. Pipelining DSP48 input will improve performance.
Related violations: <none>

DPIP-1#14 Warning
Input pipelining  
DSP mult_u15/U0/i_mult/gDSP.gHYBRID.iHYBRID/two_fabric_mults.dsp_based.iDSP/use_prim.appDSP48[0].bppDSP48[0].use_dsp.use_dsp48e1.iDSP48E1 input mult_u15/U0/i_mult/gDSP.gHYBRID.iHYBRID/two_fabric_mults.dsp_based.iDSP/use_prim.appDSP48[0].bppDSP48[0].use_dsp.use_dsp48e1.iDSP48E1/C[47:0] is not pipelined. Pipelining DSP48 input will improve performance.
Related violations: <none>

DPIP-1#15 Warning
Input pipelining  
DSP mult_u16/U0/i_mult/gDSP.gHYBRID.iHYBRID/two_fabric_mults.dsp_based.iDSP/use_prim.appDSP48[0].bppDSP48[0].use_dsp.use_dsp48e1.iDSP48E1 input mult_u16/U0/i_mult/gDSP.gHYBRID.iHYBRID/two_fabric_mults.dsp_based.iDSP/use_prim.appDSP48[0].bppDSP48[0].use_dsp.use_dsp48e1.iDSP48E1/B[17:0] is not pipelined. Pipelining DSP48 input will improve performance.
Related violations: <none>

DPIP-1#16 Warning
Input pipelining  
DSP mult_u16/U0/i_mult/gDSP.gHYBRID.iHYBRID/two_fabric_mults.dsp_based.iDSP/use_prim.appDSP48[0].bppDSP48[0].use_dsp.use_dsp48e1.iDSP48E1 input mult_u16/U0/i_mult/gDSP.gHYBRID.iHYBRID/two_fabric_mults.dsp_based.iDSP/use_prim.appDSP48[0].bppDSP48[0].use_dsp.use_dsp48e1.iDSP48E1/C[47:0] is not pipelined. Pipelining DSP48 input will improve performance.
Related violations: <none>

DPIP-1#17 Warning
Input pipelining  
DSP mult_u17/U0/i_mult/gDSP.gHYBRID.iHYBRID/two_fabric_mults.dsp_based.iDSP/use_prim.appDSP48[0].bppDSP48[0].use_dsp.use_dsp48e1.iDSP48E1 input mult_u17/U0/i_mult/gDSP.gHYBRID.iHYBRID/two_fabric_mults.dsp_based.iDSP/use_prim.appDSP48[0].bppDSP48[0].use_dsp.use_dsp48e1.iDSP48E1/B[17:0] is not pipelined. Pipelining DSP48 input will improve performance.
Related violations: <none>

DPIP-1#18 Warning
Input pipelining  
DSP mult_u17/U0/i_mult/gDSP.gHYBRID.iHYBRID/two_fabric_mults.dsp_based.iDSP/use_prim.appDSP48[0].bppDSP48[0].use_dsp.use_dsp48e1.iDSP48E1 input mult_u17/U0/i_mult/gDSP.gHYBRID.iHYBRID/two_fabric_mults.dsp_based.iDSP/use_prim.appDSP48[0].bppDSP48[0].use_dsp.use_dsp48e1.iDSP48E1/C[47:0] is not pipelined. Pipelining DSP48 input will improve performance.
Related violations: <none>

DPIP-1#19 Warning
Input pipelining  
DSP mult_u18/U0/i_mult/gDSP.gHYBRID.iHYBRID/two_fabric_mults.dsp_based.iDSP/use_prim.appDSP48[0].bppDSP48[0].use_dsp.use_dsp48e1.iDSP48E1 input mult_u18/U0/i_mult/gDSP.gHYBRID.iHYBRID/two_fabric_mults.dsp_based.iDSP/use_prim.appDSP48[0].bppDSP48[0].use_dsp.use_dsp48e1.iDSP48E1/B[17:0] is not pipelined. Pipelining DSP48 input will improve performance.
Related violations: <none>

DPIP-1#20 Warning
Input pipelining  
DSP mult_u18/U0/i_mult/gDSP.gHYBRID.iHYBRID/two_fabric_mults.dsp_based.iDSP/use_prim.appDSP48[0].bppDSP48[0].use_dsp.use_dsp48e1.iDSP48E1 input mult_u18/U0/i_mult/gDSP.gHYBRID.iHYBRID/two_fabric_mults.dsp_based.iDSP/use_prim.appDSP48[0].bppDSP48[0].use_dsp.use_dsp48e1.iDSP48E1/C[47:0] is not pipelined. Pipelining DSP48 input will improve performance.
Related violations: <none>

DPIP-1#21 Warning
Input pipelining  
DSP mult_u19/U0/i_mult/gDSP.gHYBRID.iHYBRID/two_fabric_mults.dsp_based.iDSP/use_prim.appDSP48[0].bppDSP48[0].use_dsp.use_dsp48e1.iDSP48E1 input mult_u19/U0/i_mult/gDSP.gHYBRID.iHYBRID/two_fabric_mults.dsp_based.iDSP/use_prim.appDSP48[0].bppDSP48[0].use_dsp.use_dsp48e1.iDSP48E1/B[17:0] is not pipelined. Pipelining DSP48 input will improve performance.
Related violations: <none>

DPIP-1#22 Warning
Input pipelining  
DSP mult_u19/U0/i_mult/gDSP.gHYBRID.iHYBRID/two_fabric_mults.dsp_based.iDSP/use_prim.appDSP48[0].bppDSP48[0].use_dsp.use_dsp48e1.iDSP48E1 input mult_u19/U0/i_mult/gDSP.gHYBRID.iHYBRID/two_fabric_mults.dsp_based.iDSP/use_prim.appDSP48[0].bppDSP48[0].use_dsp.use_dsp48e1.iDSP48E1/C[47:0] is not pipelined. Pipelining DSP48 input will improve performance.
Related violations: <none>

DPIP-1#23 Warning
Input pipelining  
DSP mult_u2/U0/i_mult/gDSP.gHYBRID.iHYBRID/two_fabric_mults.dsp_based.iDSP/use_prim.appDSP48[0].bppDSP48[0].use_dsp.use_dsp48e1.iDSP48E1 input mult_u2/U0/i_mult/gDSP.gHYBRID.iHYBRID/two_fabric_mults.dsp_based.iDSP/use_prim.appDSP48[0].bppDSP48[0].use_dsp.use_dsp48e1.iDSP48E1/B[17:0] is not pipelined. Pipelining DSP48 input will improve performance.
Related violations: <none>

DPIP-1#24 Warning
Input pipelining  
DSP mult_u2/U0/i_mult/gDSP.gHYBRID.iHYBRID/two_fabric_mults.dsp_based.iDSP/use_prim.appDSP48[0].bppDSP48[0].use_dsp.use_dsp48e1.iDSP48E1 input mult_u2/U0/i_mult/gDSP.gHYBRID.iHYBRID/two_fabric_mults.dsp_based.iDSP/use_prim.appDSP48[0].bppDSP48[0].use_dsp.use_dsp48e1.iDSP48E1/C[47:0] is not pipelined. Pipelining DSP48 input will improve performance.
Related violations: <none>

DPIP-1#25 Warning
Input pipelining  
DSP mult_u20/U0/i_mult/gDSP.gHYBRID.iHYBRID/two_fabric_mults.dsp_based.iDSP/use_prim.appDSP48[0].bppDSP48[0].use_dsp.use_dsp48e1.iDSP48E1 input mult_u20/U0/i_mult/gDSP.gHYBRID.iHYBRID/two_fabric_mults.dsp_based.iDSP/use_prim.appDSP48[0].bppDSP48[0].use_dsp.use_dsp48e1.iDSP48E1/B[17:0] is not pipelined. Pipelining DSP48 input will improve performance.
Related violations: <none>

DPIP-1#26 Warning
Input pipelining  
DSP mult_u20/U0/i_mult/gDSP.gHYBRID.iHYBRID/two_fabric_mults.dsp_based.iDSP/use_prim.appDSP48[0].bppDSP48[0].use_dsp.use_dsp48e1.iDSP48E1 input mult_u20/U0/i_mult/gDSP.gHYBRID.iHYBRID/two_fabric_mults.dsp_based.iDSP/use_prim.appDSP48[0].bppDSP48[0].use_dsp.use_dsp48e1.iDSP48E1/C[47:0] is not pipelined. Pipelining DSP48 input will improve performance.
Related violations: <none>

DPIP-1#27 Warning
Input pipelining  
DSP mult_u21/U0/i_mult/gDSP.gHYBRID.iHYBRID/two_fabric_mults.dsp_based.iDSP/use_prim.appDSP48[0].bppDSP48[0].use_dsp.use_dsp48e1.iDSP48E1 input mult_u21/U0/i_mult/gDSP.gHYBRID.iHYBRID/two_fabric_mults.dsp_based.iDSP/use_prim.appDSP48[0].bppDSP48[0].use_dsp.use_dsp48e1.iDSP48E1/B[17:0] is not pipelined. Pipelining DSP48 input will improve performance.
Related violations: <none>

DPIP-1#28 Warning
Input pipelining  
DSP mult_u21/U0/i_mult/gDSP.gHYBRID.iHYBRID/two_fabric_mults.dsp_based.iDSP/use_prim.appDSP48[0].bppDSP48[0].use_dsp.use_dsp48e1.iDSP48E1 input mult_u21/U0/i_mult/gDSP.gHYBRID.iHYBRID/two_fabric_mults.dsp_based.iDSP/use_prim.appDSP48[0].bppDSP48[0].use_dsp.use_dsp48e1.iDSP48E1/C[47:0] is not pipelined. Pipelining DSP48 input will improve performance.
Related violations: <none>

DPIP-1#29 Warning
Input pipelining  
DSP mult_u22/U0/i_mult/gDSP.gHYBRID.iHYBRID/two_fabric_mults.dsp_based.iDSP/use_prim.appDSP48[0].bppDSP48[0].use_dsp.use_dsp48e1.iDSP48E1 input mult_u22/U0/i_mult/gDSP.gHYBRID.iHYBRID/two_fabric_mults.dsp_based.iDSP/use_prim.appDSP48[0].bppDSP48[0].use_dsp.use_dsp48e1.iDSP48E1/B[17:0] is not pipelined. Pipelining DSP48 input will improve performance.
Related violations: <none>

DPIP-1#30 Warning
Input pipelining  
DSP mult_u22/U0/i_mult/gDSP.gHYBRID.iHYBRID/two_fabric_mults.dsp_based.iDSP/use_prim.appDSP48[0].bppDSP48[0].use_dsp.use_dsp48e1.iDSP48E1 input mult_u22/U0/i_mult/gDSP.gHYBRID.iHYBRID/two_fabric_mults.dsp_based.iDSP/use_prim.appDSP48[0].bppDSP48[0].use_dsp.use_dsp48e1.iDSP48E1/C[47:0] is not pipelined. Pipelining DSP48 input will improve performance.
Related violations: <none>

DPIP-1#31 Warning
Input pipelining  
DSP mult_u23/U0/i_mult/gDSP.gHYBRID.iHYBRID/two_fabric_mults.dsp_based.iDSP/use_prim.appDSP48[0].bppDSP48[0].use_dsp.use_dsp48e1.iDSP48E1 input mult_u23/U0/i_mult/gDSP.gHYBRID.iHYBRID/two_fabric_mults.dsp_based.iDSP/use_prim.appDSP48[0].bppDSP48[0].use_dsp.use_dsp48e1.iDSP48E1/B[17:0] is not pipelined. Pipelining DSP48 input will improve performance.
Related violations: <none>

DPIP-1#32 Warning
Input pipelining  
DSP mult_u23/U0/i_mult/gDSP.gHYBRID.iHYBRID/two_fabric_mults.dsp_based.iDSP/use_prim.appDSP48[0].bppDSP48[0].use_dsp.use_dsp48e1.iDSP48E1 input mult_u23/U0/i_mult/gDSP.gHYBRID.iHYBRID/two_fabric_mults.dsp_based.iDSP/use_prim.appDSP48[0].bppDSP48[0].use_dsp.use_dsp48e1.iDSP48E1/C[47:0] is not pipelined. Pipelining DSP48 input will improve performance.
Related violations: <none>

DPIP-1#33 Warning
Input pipelining  
DSP mult_u24/U0/i_mult/gDSP.gHYBRID.iHYBRID/two_fabric_mults.dsp_based.iDSP/use_prim.appDSP48[0].bppDSP48[0].use_dsp.use_dsp48e1.iDSP48E1 input mult_u24/U0/i_mult/gDSP.gHYBRID.iHYBRID/two_fabric_mults.dsp_based.iDSP/use_prim.appDSP48[0].bppDSP48[0].use_dsp.use_dsp48e1.iDSP48E1/B[17:0] is not pipelined. Pipelining DSP48 input will improve performance.
Related violations: <none>

DPIP-1#34 Warning
Input pipelining  
DSP mult_u24/U0/i_mult/gDSP.gHYBRID.iHYBRID/two_fabric_mults.dsp_based.iDSP/use_prim.appDSP48[0].bppDSP48[0].use_dsp.use_dsp48e1.iDSP48E1 input mult_u24/U0/i_mult/gDSP.gHYBRID.iHYBRID/two_fabric_mults.dsp_based.iDSP/use_prim.appDSP48[0].bppDSP48[0].use_dsp.use_dsp48e1.iDSP48E1/C[47:0] is not pipelined. Pipelining DSP48 input will improve performance.
Related violations: <none>

DPIP-1#35 Warning
Input pipelining  
DSP mult_u25/U0/i_mult/gDSP.gHYBRID.iHYBRID/two_fabric_mults.dsp_based.iDSP/use_prim.appDSP48[0].bppDSP48[0].use_dsp.use_dsp48e1.iDSP48E1 input mult_u25/U0/i_mult/gDSP.gHYBRID.iHYBRID/two_fabric_mults.dsp_based.iDSP/use_prim.appDSP48[0].bppDSP48[0].use_dsp.use_dsp48e1.iDSP48E1/B[17:0] is not pipelined. Pipelining DSP48 input will improve performance.
Related violations: <none>

DPIP-1#36 Warning
Input pipelining  
DSP mult_u25/U0/i_mult/gDSP.gHYBRID.iHYBRID/two_fabric_mults.dsp_based.iDSP/use_prim.appDSP48[0].bppDSP48[0].use_dsp.use_dsp48e1.iDSP48E1 input mult_u25/U0/i_mult/gDSP.gHYBRID.iHYBRID/two_fabric_mults.dsp_based.iDSP/use_prim.appDSP48[0].bppDSP48[0].use_dsp.use_dsp48e1.iDSP48E1/C[47:0] is not pipelined. Pipelining DSP48 input will improve performance.
Related violations: <none>

DPIP-1#37 Warning
Input pipelining  
DSP mult_u26/U0/i_mult/gDSP.gHYBRID.iHYBRID/two_fabric_mults.dsp_based.iDSP/use_prim.appDSP48[0].bppDSP48[0].use_dsp.use_dsp48e1.iDSP48E1 input mult_u26/U0/i_mult/gDSP.gHYBRID.iHYBRID/two_fabric_mults.dsp_based.iDSP/use_prim.appDSP48[0].bppDSP48[0].use_dsp.use_dsp48e1.iDSP48E1/B[17:0] is not pipelined. Pipelining DSP48 input will improve performance.
Related violations: <none>

DPIP-1#38 Warning
Input pipelining  
DSP mult_u26/U0/i_mult/gDSP.gHYBRID.iHYBRID/two_fabric_mults.dsp_based.iDSP/use_prim.appDSP48[0].bppDSP48[0].use_dsp.use_dsp48e1.iDSP48E1 input mult_u26/U0/i_mult/gDSP.gHYBRID.iHYBRID/two_fabric_mults.dsp_based.iDSP/use_prim.appDSP48[0].bppDSP48[0].use_dsp.use_dsp48e1.iDSP48E1/C[47:0] is not pipelined. Pipelining DSP48 input will improve performance.
Related violations: <none>

DPIP-1#39 Warning
Input pipelining  
DSP mult_u27/U0/i_mult/gDSP.gHYBRID.iHYBRID/two_fabric_mults.dsp_based.iDSP/use_prim.appDSP48[0].bppDSP48[0].use_dsp.use_dsp48e1.iDSP48E1 input mult_u27/U0/i_mult/gDSP.gHYBRID.iHYBRID/two_fabric_mults.dsp_based.iDSP/use_prim.appDSP48[0].bppDSP48[0].use_dsp.use_dsp48e1.iDSP48E1/B[17:0] is not pipelined. Pipelining DSP48 input will improve performance.
Related violations: <none>

DPIP-1#40 Warning
Input pipelining  
DSP mult_u27/U0/i_mult/gDSP.gHYBRID.iHYBRID/two_fabric_mults.dsp_based.iDSP/use_prim.appDSP48[0].bppDSP48[0].use_dsp.use_dsp48e1.iDSP48E1 input mult_u27/U0/i_mult/gDSP.gHYBRID.iHYBRID/two_fabric_mults.dsp_based.iDSP/use_prim.appDSP48[0].bppDSP48[0].use_dsp.use_dsp48e1.iDSP48E1/C[47:0] is not pipelined. Pipelining DSP48 input will improve performance.
Related violations: <none>

DPIP-1#41 Warning
Input pipelining  
DSP mult_u28/U0/i_mult/gDSP.gHYBRID.iHYBRID/two_fabric_mults.dsp_based.iDSP/use_prim.appDSP48[0].bppDSP48[0].use_dsp.use_dsp48e1.iDSP48E1 input mult_u28/U0/i_mult/gDSP.gHYBRID.iHYBRID/two_fabric_mults.dsp_based.iDSP/use_prim.appDSP48[0].bppDSP48[0].use_dsp.use_dsp48e1.iDSP48E1/B[17:0] is not pipelined. Pipelining DSP48 input will improve performance.
Related violations: <none>

DPIP-1#42 Warning
Input pipelining  
DSP mult_u28/U0/i_mult/gDSP.gHYBRID.iHYBRID/two_fabric_mults.dsp_based.iDSP/use_prim.appDSP48[0].bppDSP48[0].use_dsp.use_dsp48e1.iDSP48E1 input mult_u28/U0/i_mult/gDSP.gHYBRID.iHYBRID/two_fabric_mults.dsp_based.iDSP/use_prim.appDSP48[0].bppDSP48[0].use_dsp.use_dsp48e1.iDSP48E1/C[47:0] is not pipelined. Pipelining DSP48 input will improve performance.
Related violations: <none>

DPIP-1#43 Warning
Input pipelining  
DSP mult_u29/U0/i_mult/gDSP.gHYBRID.iHYBRID/two_fabric_mults.dsp_based.iDSP/use_prim.appDSP48[0].bppDSP48[0].use_dsp.use_dsp48e1.iDSP48E1 input mult_u29/U0/i_mult/gDSP.gHYBRID.iHYBRID/two_fabric_mults.dsp_based.iDSP/use_prim.appDSP48[0].bppDSP48[0].use_dsp.use_dsp48e1.iDSP48E1/B[17:0] is not pipelined. Pipelining DSP48 input will improve performance.
Related violations: <none>

DPIP-1#44 Warning
Input pipelining  
DSP mult_u29/U0/i_mult/gDSP.gHYBRID.iHYBRID/two_fabric_mults.dsp_based.iDSP/use_prim.appDSP48[0].bppDSP48[0].use_dsp.use_dsp48e1.iDSP48E1 input mult_u29/U0/i_mult/gDSP.gHYBRID.iHYBRID/two_fabric_mults.dsp_based.iDSP/use_prim.appDSP48[0].bppDSP48[0].use_dsp.use_dsp48e1.iDSP48E1/C[47:0] is not pipelined. Pipelining DSP48 input will improve performance.
Related violations: <none>

DPIP-1#45 Warning
Input pipelining  
DSP mult_u3/U0/i_mult/gDSP.gHYBRID.iHYBRID/two_fabric_mults.dsp_based.iDSP/use_prim.appDSP48[0].bppDSP48[0].use_dsp.use_dsp48e1.iDSP48E1 input mult_u3/U0/i_mult/gDSP.gHYBRID.iHYBRID/two_fabric_mults.dsp_based.iDSP/use_prim.appDSP48[0].bppDSP48[0].use_dsp.use_dsp48e1.iDSP48E1/B[17:0] is not pipelined. Pipelining DSP48 input will improve performance.
Related violations: <none>

DPIP-1#46 Warning
Input pipelining  
DSP mult_u3/U0/i_mult/gDSP.gHYBRID.iHYBRID/two_fabric_mults.dsp_based.iDSP/use_prim.appDSP48[0].bppDSP48[0].use_dsp.use_dsp48e1.iDSP48E1 input mult_u3/U0/i_mult/gDSP.gHYBRID.iHYBRID/two_fabric_mults.dsp_based.iDSP/use_prim.appDSP48[0].bppDSP48[0].use_dsp.use_dsp48e1.iDSP48E1/C[47:0] is not pipelined. Pipelining DSP48 input will improve performance.
Related violations: <none>

DPIP-1#47 Warning
Input pipelining  
DSP mult_u30/U0/i_mult/gDSP.gHYBRID.iHYBRID/two_fabric_mults.dsp_based.iDSP/use_prim.appDSP48[0].bppDSP48[0].use_dsp.use_dsp48e1.iDSP48E1 input mult_u30/U0/i_mult/gDSP.gHYBRID.iHYBRID/two_fabric_mults.dsp_based.iDSP/use_prim.appDSP48[0].bppDSP48[0].use_dsp.use_dsp48e1.iDSP48E1/B[17:0] is not pipelined. Pipelining DSP48 input will improve performance.
Related violations: <none>

DPIP-1#48 Warning
Input pipelining  
DSP mult_u30/U0/i_mult/gDSP.gHYBRID.iHYBRID/two_fabric_mults.dsp_based.iDSP/use_prim.appDSP48[0].bppDSP48[0].use_dsp.use_dsp48e1.iDSP48E1 input mult_u30/U0/i_mult/gDSP.gHYBRID.iHYBRID/two_fabric_mults.dsp_based.iDSP/use_prim.appDSP48[0].bppDSP48[0].use_dsp.use_dsp48e1.iDSP48E1/C[47:0] is not pipelined. Pipelining DSP48 input will improve performance.
Related violations: <none>

DPIP-1#49 Warning
Input pipelining  
DSP mult_u31/U0/i_mult/gDSP.gHYBRID.iHYBRID/two_fabric_mults.dsp_based.iDSP/use_prim.appDSP48[0].bppDSP48[0].use_dsp.use_dsp48e1.iDSP48E1 input mult_u31/U0/i_mult/gDSP.gHYBRID.iHYBRID/two_fabric_mults.dsp_based.iDSP/use_prim.appDSP48[0].bppDSP48[0].use_dsp.use_dsp48e1.iDSP48E1/B[17:0] is not pipelined. Pipelining DSP48 input will improve performance.
Related violations: <none>

DPIP-1#50 Warning
Input pipelining  
DSP mult_u31/U0/i_mult/gDSP.gHYBRID.iHYBRID/two_fabric_mults.dsp_based.iDSP/use_prim.appDSP48[0].bppDSP48[0].use_dsp.use_dsp48e1.iDSP48E1 input mult_u31/U0/i_mult/gDSP.gHYBRID.iHYBRID/two_fabric_mults.dsp_based.iDSP/use_prim.appDSP48[0].bppDSP48[0].use_dsp.use_dsp48e1.iDSP48E1/C[47:0] is not pipelined. Pipelining DSP48 input will improve performance.
Related violations: <none>

DPIP-1#51 Warning
Input pipelining  
DSP mult_u32/U0/i_mult/gDSP.gHYBRID.iHYBRID/two_fabric_mults.dsp_based.iDSP/use_prim.appDSP48[0].bppDSP48[0].use_dsp.use_dsp48e1.iDSP48E1 input mult_u32/U0/i_mult/gDSP.gHYBRID.iHYBRID/two_fabric_mults.dsp_based.iDSP/use_prim.appDSP48[0].bppDSP48[0].use_dsp.use_dsp48e1.iDSP48E1/B[17:0] is not pipelined. Pipelining DSP48 input will improve performance.
Related violations: <none>

DPIP-1#52 Warning
Input pipelining  
DSP mult_u32/U0/i_mult/gDSP.gHYBRID.iHYBRID/two_fabric_mults.dsp_based.iDSP/use_prim.appDSP48[0].bppDSP48[0].use_dsp.use_dsp48e1.iDSP48E1 input mult_u32/U0/i_mult/gDSP.gHYBRID.iHYBRID/two_fabric_mults.dsp_based.iDSP/use_prim.appDSP48[0].bppDSP48[0].use_dsp.use_dsp48e1.iDSP48E1/C[47:0] is not pipelined. Pipelining DSP48 input will improve performance.
Related violations: <none>

DPIP-1#53 Warning
Input pipelining  
DSP mult_u33/U0/i_mult/gDSP.gHYBRID.iHYBRID/two_fabric_mults.dsp_based.iDSP/use_prim.appDSP48[0].bppDSP48[0].use_dsp.use_dsp48e1.iDSP48E1 input mult_u33/U0/i_mult/gDSP.gHYBRID.iHYBRID/two_fabric_mults.dsp_based.iDSP/use_prim.appDSP48[0].bppDSP48[0].use_dsp.use_dsp48e1.iDSP48E1/B[17:0] is not pipelined. Pipelining DSP48 input will improve performance.
Related violations: <none>

DPIP-1#54 Warning
Input pipelining  
DSP mult_u33/U0/i_mult/gDSP.gHYBRID.iHYBRID/two_fabric_mults.dsp_based.iDSP/use_prim.appDSP48[0].bppDSP48[0].use_dsp.use_dsp48e1.iDSP48E1 input mult_u33/U0/i_mult/gDSP.gHYBRID.iHYBRID/two_fabric_mults.dsp_based.iDSP/use_prim.appDSP48[0].bppDSP48[0].use_dsp.use_dsp48e1.iDSP48E1/C[47:0] is not pipelined. Pipelining DSP48 input will improve performance.
Related violations: <none>

DPIP-1#55 Warning
Input pipelining  
DSP mult_u34/U0/i_mult/gDSP.gHYBRID.iHYBRID/two_fabric_mults.dsp_based.iDSP/use_prim.appDSP48[0].bppDSP48[0].use_dsp.use_dsp48e1.iDSP48E1 input mult_u34/U0/i_mult/gDSP.gHYBRID.iHYBRID/two_fabric_mults.dsp_based.iDSP/use_prim.appDSP48[0].bppDSP48[0].use_dsp.use_dsp48e1.iDSP48E1/B[17:0] is not pipelined. Pipelining DSP48 input will improve performance.
Related violations: <none>

DPIP-1#56 Warning
Input pipelining  
DSP mult_u34/U0/i_mult/gDSP.gHYBRID.iHYBRID/two_fabric_mults.dsp_based.iDSP/use_prim.appDSP48[0].bppDSP48[0].use_dsp.use_dsp48e1.iDSP48E1 input mult_u34/U0/i_mult/gDSP.gHYBRID.iHYBRID/two_fabric_mults.dsp_based.iDSP/use_prim.appDSP48[0].bppDSP48[0].use_dsp.use_dsp48e1.iDSP48E1/C[47:0] is not pipelined. Pipelining DSP48 input will improve performance.
Related violations: <none>

DPIP-1#57 Warning
Input pipelining  
DSP mult_u35/U0/i_mult/gDSP.gHYBRID.iHYBRID/two_fabric_mults.dsp_based.iDSP/use_prim.appDSP48[0].bppDSP48[0].use_dsp.use_dsp48e1.iDSP48E1 input mult_u35/U0/i_mult/gDSP.gHYBRID.iHYBRID/two_fabric_mults.dsp_based.iDSP/use_prim.appDSP48[0].bppDSP48[0].use_dsp.use_dsp48e1.iDSP48E1/B[17:0] is not pipelined. Pipelining DSP48 input will improve performance.
Related violations: <none>

DPIP-1#58 Warning
Input pipelining  
DSP mult_u35/U0/i_mult/gDSP.gHYBRID.iHYBRID/two_fabric_mults.dsp_based.iDSP/use_prim.appDSP48[0].bppDSP48[0].use_dsp.use_dsp48e1.iDSP48E1 input mult_u35/U0/i_mult/gDSP.gHYBRID.iHYBRID/two_fabric_mults.dsp_based.iDSP/use_prim.appDSP48[0].bppDSP48[0].use_dsp.use_dsp48e1.iDSP48E1/C[47:0] is not pipelined. Pipelining DSP48 input will improve performance.
Related violations: <none>

DPIP-1#59 Warning
Input pipelining  
DSP mult_u36/U0/i_mult/gDSP.gHYBRID.iHYBRID/two_fabric_mults.dsp_based.iDSP/use_prim.appDSP48[0].bppDSP48[0].use_dsp.use_dsp48e1.iDSP48E1 input mult_u36/U0/i_mult/gDSP.gHYBRID.iHYBRID/two_fabric_mults.dsp_based.iDSP/use_prim.appDSP48[0].bppDSP48[0].use_dsp.use_dsp48e1.iDSP48E1/B[17:0] is not pipelined. Pipelining DSP48 input will improve performance.
Related violations: <none>

DPIP-1#60 Warning
Input pipelining  
DSP mult_u36/U0/i_mult/gDSP.gHYBRID.iHYBRID/two_fabric_mults.dsp_based.iDSP/use_prim.appDSP48[0].bppDSP48[0].use_dsp.use_dsp48e1.iDSP48E1 input mult_u36/U0/i_mult/gDSP.gHYBRID.iHYBRID/two_fabric_mults.dsp_based.iDSP/use_prim.appDSP48[0].bppDSP48[0].use_dsp.use_dsp48e1.iDSP48E1/C[47:0] is not pipelined. Pipelining DSP48 input will improve performance.
Related violations: <none>

DPIP-1#61 Warning
Input pipelining  
DSP mult_u37/U0/i_mult/gDSP.gHYBRID.iHYBRID/two_fabric_mults.dsp_based.iDSP/use_prim.appDSP48[0].bppDSP48[0].use_dsp.use_dsp48e1.iDSP48E1 input mult_u37/U0/i_mult/gDSP.gHYBRID.iHYBRID/two_fabric_mults.dsp_based.iDSP/use_prim.appDSP48[0].bppDSP48[0].use_dsp.use_dsp48e1.iDSP48E1/B[17:0] is not pipelined. Pipelining DSP48 input will improve performance.
Related violations: <none>

DPIP-1#62 Warning
Input pipelining  
DSP mult_u37/U0/i_mult/gDSP.gHYBRID.iHYBRID/two_fabric_mults.dsp_based.iDSP/use_prim.appDSP48[0].bppDSP48[0].use_dsp.use_dsp48e1.iDSP48E1 input mult_u37/U0/i_mult/gDSP.gHYBRID.iHYBRID/two_fabric_mults.dsp_based.iDSP/use_prim.appDSP48[0].bppDSP48[0].use_dsp.use_dsp48e1.iDSP48E1/C[47:0] is not pipelined. Pipelining DSP48 input will improve performance.
Related violations: <none>

DPIP-1#63 Warning
Input pipelining  
DSP mult_u38/U0/i_mult/gDSP.gHYBRID.iHYBRID/two_fabric_mults.dsp_based.iDSP/use_prim.appDSP48[0].bppDSP48[0].use_dsp.use_dsp48e1.iDSP48E1 input mult_u38/U0/i_mult/gDSP.gHYBRID.iHYBRID/two_fabric_mults.dsp_based.iDSP/use_prim.appDSP48[0].bppDSP48[0].use_dsp.use_dsp48e1.iDSP48E1/B[17:0] is not pipelined. Pipelining DSP48 input will improve performance.
Related violations: <none>

DPIP-1#64 Warning
Input pipelining  
DSP mult_u38/U0/i_mult/gDSP.gHYBRID.iHYBRID/two_fabric_mults.dsp_based.iDSP/use_prim.appDSP48[0].bppDSP48[0].use_dsp.use_dsp48e1.iDSP48E1 input mult_u38/U0/i_mult/gDSP.gHYBRID.iHYBRID/two_fabric_mults.dsp_based.iDSP/use_prim.appDSP48[0].bppDSP48[0].use_dsp.use_dsp48e1.iDSP48E1/C[47:0] is not pipelined. Pipelining DSP48 input will improve performance.
Related violations: <none>

DPIP-1#65 Warning
Input pipelining  
DSP mult_u39/U0/i_mult/gDSP.gHYBRID.iHYBRID/two_fabric_mults.dsp_based.iDSP/use_prim.appDSP48[0].bppDSP48[0].use_dsp.use_dsp48e1.iDSP48E1 input mult_u39/U0/i_mult/gDSP.gHYBRID.iHYBRID/two_fabric_mults.dsp_based.iDSP/use_prim.appDSP48[0].bppDSP48[0].use_dsp.use_dsp48e1.iDSP48E1/B[17:0] is not pipelined. Pipelining DSP48 input will improve performance.
Related violations: <none>

DPIP-1#66 Warning
Input pipelining  
DSP mult_u39/U0/i_mult/gDSP.gHYBRID.iHYBRID/two_fabric_mults.dsp_based.iDSP/use_prim.appDSP48[0].bppDSP48[0].use_dsp.use_dsp48e1.iDSP48E1 input mult_u39/U0/i_mult/gDSP.gHYBRID.iHYBRID/two_fabric_mults.dsp_based.iDSP/use_prim.appDSP48[0].bppDSP48[0].use_dsp.use_dsp48e1.iDSP48E1/C[47:0] is not pipelined. Pipelining DSP48 input will improve performance.
Related violations: <none>

DPIP-1#67 Warning
Input pipelining  
DSP mult_u4/U0/i_mult/gDSP.gHYBRID.iHYBRID/two_fabric_mults.dsp_based.iDSP/use_prim.appDSP48[0].bppDSP48[0].use_dsp.use_dsp48e1.iDSP48E1 input mult_u4/U0/i_mult/gDSP.gHYBRID.iHYBRID/two_fabric_mults.dsp_based.iDSP/use_prim.appDSP48[0].bppDSP48[0].use_dsp.use_dsp48e1.iDSP48E1/B[17:0] is not pipelined. Pipelining DSP48 input will improve performance.
Related violations: <none>

DPIP-1#68 Warning
Input pipelining  
DSP mult_u4/U0/i_mult/gDSP.gHYBRID.iHYBRID/two_fabric_mults.dsp_based.iDSP/use_prim.appDSP48[0].bppDSP48[0].use_dsp.use_dsp48e1.iDSP48E1 input mult_u4/U0/i_mult/gDSP.gHYBRID.iHYBRID/two_fabric_mults.dsp_based.iDSP/use_prim.appDSP48[0].bppDSP48[0].use_dsp.use_dsp48e1.iDSP48E1/C[47:0] is not pipelined. Pipelining DSP48 input will improve performance.
Related violations: <none>

DPIP-1#69 Warning
Input pipelining  
DSP mult_u40/U0/i_mult/gDSP.gHYBRID.iHYBRID/two_fabric_mults.dsp_based.iDSP/use_prim.appDSP48[0].bppDSP48[0].use_dsp.use_dsp48e1.iDSP48E1 input mult_u40/U0/i_mult/gDSP.gHYBRID.iHYBRID/two_fabric_mults.dsp_based.iDSP/use_prim.appDSP48[0].bppDSP48[0].use_dsp.use_dsp48e1.iDSP48E1/B[17:0] is not pipelined. Pipelining DSP48 input will improve performance.
Related violations: <none>

DPIP-1#70 Warning
Input pipelining  
DSP mult_u40/U0/i_mult/gDSP.gHYBRID.iHYBRID/two_fabric_mults.dsp_based.iDSP/use_prim.appDSP48[0].bppDSP48[0].use_dsp.use_dsp48e1.iDSP48E1 input mult_u40/U0/i_mult/gDSP.gHYBRID.iHYBRID/two_fabric_mults.dsp_based.iDSP/use_prim.appDSP48[0].bppDSP48[0].use_dsp.use_dsp48e1.iDSP48E1/C[47:0] is not pipelined. Pipelining DSP48 input will improve performance.
Related violations: <none>

DPIP-1#71 Warning
Input pipelining  
DSP mult_u41/U0/i_mult/gDSP.gHYBRID.iHYBRID/two_fabric_mults.dsp_based.iDSP/use_prim.appDSP48[0].bppDSP48[0].use_dsp.use_dsp48e1.iDSP48E1 input mult_u41/U0/i_mult/gDSP.gHYBRID.iHYBRID/two_fabric_mults.dsp_based.iDSP/use_prim.appDSP48[0].bppDSP48[0].use_dsp.use_dsp48e1.iDSP48E1/B[17:0] is not pipelined. Pipelining DSP48 input will improve performance.
Related violations: <none>

DPIP-1#72 Warning
Input pipelining  
DSP mult_u41/U0/i_mult/gDSP.gHYBRID.iHYBRID/two_fabric_mults.dsp_based.iDSP/use_prim.appDSP48[0].bppDSP48[0].use_dsp.use_dsp48e1.iDSP48E1 input mult_u41/U0/i_mult/gDSP.gHYBRID.iHYBRID/two_fabric_mults.dsp_based.iDSP/use_prim.appDSP48[0].bppDSP48[0].use_dsp.use_dsp48e1.iDSP48E1/C[47:0] is not pipelined. Pipelining DSP48 input will improve performance.
Related violations: <none>

DPIP-1#73 Warning
Input pipelining  
DSP mult_u42/U0/i_mult/gDSP.gHYBRID.iHYBRID/two_fabric_mults.dsp_based.iDSP/use_prim.appDSP48[0].bppDSP48[0].use_dsp.use_dsp48e1.iDSP48E1 input mult_u42/U0/i_mult/gDSP.gHYBRID.iHYBRID/two_fabric_mults.dsp_based.iDSP/use_prim.appDSP48[0].bppDSP48[0].use_dsp.use_dsp48e1.iDSP48E1/B[17:0] is not pipelined. Pipelining DSP48 input will improve performance.
Related violations: <none>

DPIP-1#74 Warning
Input pipelining  
DSP mult_u42/U0/i_mult/gDSP.gHYBRID.iHYBRID/two_fabric_mults.dsp_based.iDSP/use_prim.appDSP48[0].bppDSP48[0].use_dsp.use_dsp48e1.iDSP48E1 input mult_u42/U0/i_mult/gDSP.gHYBRID.iHYBRID/two_fabric_mults.dsp_based.iDSP/use_prim.appDSP48[0].bppDSP48[0].use_dsp.use_dsp48e1.iDSP48E1/C[47:0] is not pipelined. Pipelining DSP48 input will improve performance.
Related violations: <none>

DPIP-1#75 Warning
Input pipelining  
DSP mult_u43/U0/i_mult/gDSP.gHYBRID.iHYBRID/two_fabric_mults.dsp_based.iDSP/use_prim.appDSP48[0].bppDSP48[0].use_dsp.use_dsp48e1.iDSP48E1 input mult_u43/U0/i_mult/gDSP.gHYBRID.iHYBRID/two_fabric_mults.dsp_based.iDSP/use_prim.appDSP48[0].bppDSP48[0].use_dsp.use_dsp48e1.iDSP48E1/B[17:0] is not pipelined. Pipelining DSP48 input will improve performance.
Related violations: <none>

DPIP-1#76 Warning
Input pipelining  
DSP mult_u43/U0/i_mult/gDSP.gHYBRID.iHYBRID/two_fabric_mults.dsp_based.iDSP/use_prim.appDSP48[0].bppDSP48[0].use_dsp.use_dsp48e1.iDSP48E1 input mult_u43/U0/i_mult/gDSP.gHYBRID.iHYBRID/two_fabric_mults.dsp_based.iDSP/use_prim.appDSP48[0].bppDSP48[0].use_dsp.use_dsp48e1.iDSP48E1/C[47:0] is not pipelined. Pipelining DSP48 input will improve performance.
Related violations: <none>

DPIP-1#77 Warning
Input pipelining  
DSP mult_u44/U0/i_mult/gDSP.gHYBRID.iHYBRID/two_fabric_mults.dsp_based.iDSP/use_prim.appDSP48[0].bppDSP48[0].use_dsp.use_dsp48e1.iDSP48E1 input mult_u44/U0/i_mult/gDSP.gHYBRID.iHYBRID/two_fabric_mults.dsp_based.iDSP/use_prim.appDSP48[0].bppDSP48[0].use_dsp.use_dsp48e1.iDSP48E1/B[17:0] is not pipelined. Pipelining DSP48 input will improve performance.
Related violations: <none>

DPIP-1#78 Warning
Input pipelining  
DSP mult_u44/U0/i_mult/gDSP.gHYBRID.iHYBRID/two_fabric_mults.dsp_based.iDSP/use_prim.appDSP48[0].bppDSP48[0].use_dsp.use_dsp48e1.iDSP48E1 input mult_u44/U0/i_mult/gDSP.gHYBRID.iHYBRID/two_fabric_mults.dsp_based.iDSP/use_prim.appDSP48[0].bppDSP48[0].use_dsp.use_dsp48e1.iDSP48E1/C[47:0] is not pipelined. Pipelining DSP48 input will improve performance.
Related violations: <none>

DPIP-1#79 Warning
Input pipelining  
DSP mult_u45/U0/i_mult/gDSP.gHYBRID.iHYBRID/two_fabric_mults.dsp_based.iDSP/use_prim.appDSP48[0].bppDSP48[0].use_dsp.use_dsp48e1.iDSP48E1 input mult_u45/U0/i_mult/gDSP.gHYBRID.iHYBRID/two_fabric_mults.dsp_based.iDSP/use_prim.appDSP48[0].bppDSP48[0].use_dsp.use_dsp48e1.iDSP48E1/B[17:0] is not pipelined. Pipelining DSP48 input will improve performance.
Related violations: <none>

DPIP-1#80 Warning
Input pipelining  
DSP mult_u45/U0/i_mult/gDSP.gHYBRID.iHYBRID/two_fabric_mults.dsp_based.iDSP/use_prim.appDSP48[0].bppDSP48[0].use_dsp.use_dsp48e1.iDSP48E1 input mult_u45/U0/i_mult/gDSP.gHYBRID.iHYBRID/two_fabric_mults.dsp_based.iDSP/use_prim.appDSP48[0].bppDSP48[0].use_dsp.use_dsp48e1.iDSP48E1/C[47:0] is not pipelined. Pipelining DSP48 input will improve performance.
Related violations: <none>

DPIP-1#81 Warning
Input pipelining  
DSP mult_u46/U0/i_mult/gDSP.gHYBRID.iHYBRID/two_fabric_mults.dsp_based.iDSP/use_prim.appDSP48[0].bppDSP48[0].use_dsp.use_dsp48e1.iDSP48E1 input mult_u46/U0/i_mult/gDSP.gHYBRID.iHYBRID/two_fabric_mults.dsp_based.iDSP/use_prim.appDSP48[0].bppDSP48[0].use_dsp.use_dsp48e1.iDSP48E1/B[17:0] is not pipelined. Pipelining DSP48 input will improve performance.
Related violations: <none>

DPIP-1#82 Warning
Input pipelining  
DSP mult_u46/U0/i_mult/gDSP.gHYBRID.iHYBRID/two_fabric_mults.dsp_based.iDSP/use_prim.appDSP48[0].bppDSP48[0].use_dsp.use_dsp48e1.iDSP48E1 input mult_u46/U0/i_mult/gDSP.gHYBRID.iHYBRID/two_fabric_mults.dsp_based.iDSP/use_prim.appDSP48[0].bppDSP48[0].use_dsp.use_dsp48e1.iDSP48E1/C[47:0] is not pipelined. Pipelining DSP48 input will improve performance.
Related violations: <none>

DPIP-1#83 Warning
Input pipelining  
DSP mult_u47/U0/i_mult/gDSP.gHYBRID.iHYBRID/two_fabric_mults.dsp_based.iDSP/use_prim.appDSP48[0].bppDSP48[0].use_dsp.use_dsp48e1.iDSP48E1 input mult_u47/U0/i_mult/gDSP.gHYBRID.iHYBRID/two_fabric_mults.dsp_based.iDSP/use_prim.appDSP48[0].bppDSP48[0].use_dsp.use_dsp48e1.iDSP48E1/B[17:0] is not pipelined. Pipelining DSP48 input will improve performance.
Related violations: <none>

DPIP-1#84 Warning
Input pipelining  
DSP mult_u47/U0/i_mult/gDSP.gHYBRID.iHYBRID/two_fabric_mults.dsp_based.iDSP/use_prim.appDSP48[0].bppDSP48[0].use_dsp.use_dsp48e1.iDSP48E1 input mult_u47/U0/i_mult/gDSP.gHYBRID.iHYBRID/two_fabric_mults.dsp_based.iDSP/use_prim.appDSP48[0].bppDSP48[0].use_dsp.use_dsp48e1.iDSP48E1/C[47:0] is not pipelined. Pipelining DSP48 input will improve performance.
Related violations: <none>

DPIP-1#85 Warning
Input pipelining  
DSP mult_u48/U0/i_mult/gDSP.gHYBRID.iHYBRID/two_fabric_mults.dsp_based.iDSP/use_prim.appDSP48[0].bppDSP48[0].use_dsp.use_dsp48e1.iDSP48E1 input mult_u48/U0/i_mult/gDSP.gHYBRID.iHYBRID/two_fabric_mults.dsp_based.iDSP/use_prim.appDSP48[0].bppDSP48[0].use_dsp.use_dsp48e1.iDSP48E1/B[17:0] is not pipelined. Pipelining DSP48 input will improve performance.
Related violations: <none>

DPIP-1#86 Warning
Input pipelining  
DSP mult_u48/U0/i_mult/gDSP.gHYBRID.iHYBRID/two_fabric_mults.dsp_based.iDSP/use_prim.appDSP48[0].bppDSP48[0].use_dsp.use_dsp48e1.iDSP48E1 input mult_u48/U0/i_mult/gDSP.gHYBRID.iHYBRID/two_fabric_mults.dsp_based.iDSP/use_prim.appDSP48[0].bppDSP48[0].use_dsp.use_dsp48e1.iDSP48E1/C[47:0] is not pipelined. Pipelining DSP48 input will improve performance.
Related violations: <none>

DPIP-1#87 Warning
Input pipelining  
DSP mult_u49/U0/i_mult/gDSP.gHYBRID.iHYBRID/two_fabric_mults.dsp_based.iDSP/use_prim.appDSP48[0].bppDSP48[0].use_dsp.use_dsp48e1.iDSP48E1 input mult_u49/U0/i_mult/gDSP.gHYBRID.iHYBRID/two_fabric_mults.dsp_based.iDSP/use_prim.appDSP48[0].bppDSP48[0].use_dsp.use_dsp48e1.iDSP48E1/B[17:0] is not pipelined. Pipelining DSP48 input will improve performance.
Related violations: <none>

DPIP-1#88 Warning
Input pipelining  
DSP mult_u49/U0/i_mult/gDSP.gHYBRID.iHYBRID/two_fabric_mults.dsp_based.iDSP/use_prim.appDSP48[0].bppDSP48[0].use_dsp.use_dsp48e1.iDSP48E1 input mult_u49/U0/i_mult/gDSP.gHYBRID.iHYBRID/two_fabric_mults.dsp_based.iDSP/use_prim.appDSP48[0].bppDSP48[0].use_dsp.use_dsp48e1.iDSP48E1/C[47:0] is not pipelined. Pipelining DSP48 input will improve performance.
Related violations: <none>

DPIP-1#89 Warning
Input pipelining  
DSP mult_u5/U0/i_mult/gDSP.gHYBRID.iHYBRID/two_fabric_mults.dsp_based.iDSP/use_prim.appDSP48[0].bppDSP48[0].use_dsp.use_dsp48e1.iDSP48E1 input mult_u5/U0/i_mult/gDSP.gHYBRID.iHYBRID/two_fabric_mults.dsp_based.iDSP/use_prim.appDSP48[0].bppDSP48[0].use_dsp.use_dsp48e1.iDSP48E1/B[17:0] is not pipelined. Pipelining DSP48 input will improve performance.
Related violations: <none>

DPIP-1#90 Warning
Input pipelining  
DSP mult_u5/U0/i_mult/gDSP.gHYBRID.iHYBRID/two_fabric_mults.dsp_based.iDSP/use_prim.appDSP48[0].bppDSP48[0].use_dsp.use_dsp48e1.iDSP48E1 input mult_u5/U0/i_mult/gDSP.gHYBRID.iHYBRID/two_fabric_mults.dsp_based.iDSP/use_prim.appDSP48[0].bppDSP48[0].use_dsp.use_dsp48e1.iDSP48E1/C[47:0] is not pipelined. Pipelining DSP48 input will improve performance.
Related violations: <none>

DPIP-1#91 Warning
Input pipelining  
DSP mult_u50/U0/i_mult/gDSP.gHYBRID.iHYBRID/two_fabric_mults.dsp_based.iDSP/use_prim.appDSP48[0].bppDSP48[0].use_dsp.use_dsp48e1.iDSP48E1 input mult_u50/U0/i_mult/gDSP.gHYBRID.iHYBRID/two_fabric_mults.dsp_based.iDSP/use_prim.appDSP48[0].bppDSP48[0].use_dsp.use_dsp48e1.iDSP48E1/B[17:0] is not pipelined. Pipelining DSP48 input will improve performance.
Related violations: <none>

DPIP-1#92 Warning
Input pipelining  
DSP mult_u50/U0/i_mult/gDSP.gHYBRID.iHYBRID/two_fabric_mults.dsp_based.iDSP/use_prim.appDSP48[0].bppDSP48[0].use_dsp.use_dsp48e1.iDSP48E1 input mult_u50/U0/i_mult/gDSP.gHYBRID.iHYBRID/two_fabric_mults.dsp_based.iDSP/use_prim.appDSP48[0].bppDSP48[0].use_dsp.use_dsp48e1.iDSP48E1/C[47:0] is not pipelined. Pipelining DSP48 input will improve performance.
Related violations: <none>

DPIP-1#93 Warning
Input pipelining  
DSP mult_u6/U0/i_mult/gDSP.gHYBRID.iHYBRID/two_fabric_mults.dsp_based.iDSP/use_prim.appDSP48[0].bppDSP48[0].use_dsp.use_dsp48e1.iDSP48E1 input mult_u6/U0/i_mult/gDSP.gHYBRID.iHYBRID/two_fabric_mults.dsp_based.iDSP/use_prim.appDSP48[0].bppDSP48[0].use_dsp.use_dsp48e1.iDSP48E1/B[17:0] is not pipelined. Pipelining DSP48 input will improve performance.
Related violations: <none>

DPIP-1#94 Warning
Input pipelining  
DSP mult_u6/U0/i_mult/gDSP.gHYBRID.iHYBRID/two_fabric_mults.dsp_based.iDSP/use_prim.appDSP48[0].bppDSP48[0].use_dsp.use_dsp48e1.iDSP48E1 input mult_u6/U0/i_mult/gDSP.gHYBRID.iHYBRID/two_fabric_mults.dsp_based.iDSP/use_prim.appDSP48[0].bppDSP48[0].use_dsp.use_dsp48e1.iDSP48E1/C[47:0] is not pipelined. Pipelining DSP48 input will improve performance.
Related violations: <none>

DPIP-1#95 Warning
Input pipelining  
DSP mult_u7/U0/i_mult/gDSP.gHYBRID.iHYBRID/two_fabric_mults.dsp_based.iDSP/use_prim.appDSP48[0].bppDSP48[0].use_dsp.use_dsp48e1.iDSP48E1 input mult_u7/U0/i_mult/gDSP.gHYBRID.iHYBRID/two_fabric_mults.dsp_based.iDSP/use_prim.appDSP48[0].bppDSP48[0].use_dsp.use_dsp48e1.iDSP48E1/B[17:0] is not pipelined. Pipelining DSP48 input will improve performance.
Related violations: <none>

DPIP-1#96 Warning
Input pipelining  
DSP mult_u7/U0/i_mult/gDSP.gHYBRID.iHYBRID/two_fabric_mults.dsp_based.iDSP/use_prim.appDSP48[0].bppDSP48[0].use_dsp.use_dsp48e1.iDSP48E1 input mult_u7/U0/i_mult/gDSP.gHYBRID.iHYBRID/two_fabric_mults.dsp_based.iDSP/use_prim.appDSP48[0].bppDSP48[0].use_dsp.use_dsp48e1.iDSP48E1/C[47:0] is not pipelined. Pipelining DSP48 input will improve performance.
Related violations: <none>

DPIP-1#97 Warning
Input pipelining  
DSP mult_u8/U0/i_mult/gDSP.gHYBRID.iHYBRID/two_fabric_mults.dsp_based.iDSP/use_prim.appDSP48[0].bppDSP48[0].use_dsp.use_dsp48e1.iDSP48E1 input mult_u8/U0/i_mult/gDSP.gHYBRID.iHYBRID/two_fabric_mults.dsp_based.iDSP/use_prim.appDSP48[0].bppDSP48[0].use_dsp.use_dsp48e1.iDSP48E1/B[17:0] is not pipelined. Pipelining DSP48 input will improve performance.
Related violations: <none>

DPIP-1#98 Warning
Input pipelining  
DSP mult_u8/U0/i_mult/gDSP.gHYBRID.iHYBRID/two_fabric_mults.dsp_based.iDSP/use_prim.appDSP48[0].bppDSP48[0].use_dsp.use_dsp48e1.iDSP48E1 input mult_u8/U0/i_mult/gDSP.gHYBRID.iHYBRID/two_fabric_mults.dsp_based.iDSP/use_prim.appDSP48[0].bppDSP48[0].use_dsp.use_dsp48e1.iDSP48E1/C[47:0] is not pipelined. Pipelining DSP48 input will improve performance.
Related violations: <none>

DPIP-1#99 Warning
Input pipelining  
DSP mult_u9/U0/i_mult/gDSP.gHYBRID.iHYBRID/two_fabric_mults.dsp_based.iDSP/use_prim.appDSP48[0].bppDSP48[0].use_dsp.use_dsp48e1.iDSP48E1 input mult_u9/U0/i_mult/gDSP.gHYBRID.iHYBRID/two_fabric_mults.dsp_based.iDSP/use_prim.appDSP48[0].bppDSP48[0].use_dsp.use_dsp48e1.iDSP48E1/B[17:0] is not pipelined. Pipelining DSP48 input will improve performance.
Related violations: <none>

DPIP-1#100 Warning
Input pipelining  
DSP mult_u9/U0/i_mult/gDSP.gHYBRID.iHYBRID/two_fabric_mults.dsp_based.iDSP/use_prim.appDSP48[0].bppDSP48[0].use_dsp.use_dsp48e1.iDSP48E1 input mult_u9/U0/i_mult/gDSP.gHYBRID.iHYBRID/two_fabric_mults.dsp_based.iDSP/use_prim.appDSP48[0].bppDSP48[0].use_dsp.use_dsp48e1.iDSP48E1/C[47:0] is not pipelined. Pipelining DSP48 input will improve performance.
Related violations: <none>

DPOP-2#1 Warning
MREG Output pipelining  
DSP mult_u1/U0/i_mult/gDSP.gHYBRID.iHYBRID/two_fabric_mults.dsp_based.iDSP/use_prim.appDSP48[0].bppDSP48[0].use_dsp.use_dsp48e1.iDSP48E1 multiplier stage mult_u1/U0/i_mult/gDSP.gHYBRID.iHYBRID/two_fabric_mults.dsp_based.iDSP/use_prim.appDSP48[0].bppDSP48[0].use_dsp.use_dsp48e1.iDSP48E1/P[47:0] is not pipelined (MREG=0). Pipelining the multiplier function will improve performance and will save significant power so it is suggested whenever possible to fully pipeline this function.  If this multiplier was inferred, it is suggested to describe an additional register stage after this function.  If there is no registered adder/accumulator following the multiply function, two pipeline stages are suggested to allow both the MREG and PREG registers to be used.  If the DSP48 was instantiated in the design, it is suggested to set both the MREG and PREG attributes to 1 when performing multiply functions.
Related violations: <none>

DPOP-2#2 Warning
MREG Output pipelining  
DSP mult_u10/U0/i_mult/gDSP.gHYBRID.iHYBRID/two_fabric_mults.dsp_based.iDSP/use_prim.appDSP48[0].bppDSP48[0].use_dsp.use_dsp48e1.iDSP48E1 multiplier stage mult_u10/U0/i_mult/gDSP.gHYBRID.iHYBRID/two_fabric_mults.dsp_based.iDSP/use_prim.appDSP48[0].bppDSP48[0].use_dsp.use_dsp48e1.iDSP48E1/P[47:0] is not pipelined (MREG=0). Pipelining the multiplier function will improve performance and will save significant power so it is suggested whenever possible to fully pipeline this function.  If this multiplier was inferred, it is suggested to describe an additional register stage after this function.  If there is no registered adder/accumulator following the multiply function, two pipeline stages are suggested to allow both the MREG and PREG registers to be used.  If the DSP48 was instantiated in the design, it is suggested to set both the MREG and PREG attributes to 1 when performing multiply functions.
Related violations: <none>

DPOP-2#3 Warning
MREG Output pipelining  
DSP mult_u11/U0/i_mult/gDSP.gHYBRID.iHYBRID/two_fabric_mults.dsp_based.iDSP/use_prim.appDSP48[0].bppDSP48[0].use_dsp.use_dsp48e1.iDSP48E1 multiplier stage mult_u11/U0/i_mult/gDSP.gHYBRID.iHYBRID/two_fabric_mults.dsp_based.iDSP/use_prim.appDSP48[0].bppDSP48[0].use_dsp.use_dsp48e1.iDSP48E1/P[47:0] is not pipelined (MREG=0). Pipelining the multiplier function will improve performance and will save significant power so it is suggested whenever possible to fully pipeline this function.  If this multiplier was inferred, it is suggested to describe an additional register stage after this function.  If there is no registered adder/accumulator following the multiply function, two pipeline stages are suggested to allow both the MREG and PREG registers to be used.  If the DSP48 was instantiated in the design, it is suggested to set both the MREG and PREG attributes to 1 when performing multiply functions.
Related violations: <none>

DPOP-2#4 Warning
MREG Output pipelining  
DSP mult_u12/U0/i_mult/gDSP.gHYBRID.iHYBRID/two_fabric_mults.dsp_based.iDSP/use_prim.appDSP48[0].bppDSP48[0].use_dsp.use_dsp48e1.iDSP48E1 multiplier stage mult_u12/U0/i_mult/gDSP.gHYBRID.iHYBRID/two_fabric_mults.dsp_based.iDSP/use_prim.appDSP48[0].bppDSP48[0].use_dsp.use_dsp48e1.iDSP48E1/P[47:0] is not pipelined (MREG=0). Pipelining the multiplier function will improve performance and will save significant power so it is suggested whenever possible to fully pipeline this function.  If this multiplier was inferred, it is suggested to describe an additional register stage after this function.  If there is no registered adder/accumulator following the multiply function, two pipeline stages are suggested to allow both the MREG and PREG registers to be used.  If the DSP48 was instantiated in the design, it is suggested to set both the MREG and PREG attributes to 1 when performing multiply functions.
Related violations: <none>

DPOP-2#5 Warning
MREG Output pipelining  
DSP mult_u13/U0/i_mult/gDSP.gHYBRID.iHYBRID/two_fabric_mults.dsp_based.iDSP/use_prim.appDSP48[0].bppDSP48[0].use_dsp.use_dsp48e1.iDSP48E1 multiplier stage mult_u13/U0/i_mult/gDSP.gHYBRID.iHYBRID/two_fabric_mults.dsp_based.iDSP/use_prim.appDSP48[0].bppDSP48[0].use_dsp.use_dsp48e1.iDSP48E1/P[47:0] is not pipelined (MREG=0). Pipelining the multiplier function will improve performance and will save significant power so it is suggested whenever possible to fully pipeline this function.  If this multiplier was inferred, it is suggested to describe an additional register stage after this function.  If there is no registered adder/accumulator following the multiply function, two pipeline stages are suggested to allow both the MREG and PREG registers to be used.  If the DSP48 was instantiated in the design, it is suggested to set both the MREG and PREG attributes to 1 when performing multiply functions.
Related violations: <none>

DPOP-2#6 Warning
MREG Output pipelining  
DSP mult_u14/U0/i_mult/gDSP.gHYBRID.iHYBRID/two_fabric_mults.dsp_based.iDSP/use_prim.appDSP48[0].bppDSP48[0].use_dsp.use_dsp48e1.iDSP48E1 multiplier stage mult_u14/U0/i_mult/gDSP.gHYBRID.iHYBRID/two_fabric_mults.dsp_based.iDSP/use_prim.appDSP48[0].bppDSP48[0].use_dsp.use_dsp48e1.iDSP48E1/P[47:0] is not pipelined (MREG=0). Pipelining the multiplier function will improve performance and will save significant power so it is suggested whenever possible to fully pipeline this function.  If this multiplier was inferred, it is suggested to describe an additional register stage after this function.  If there is no registered adder/accumulator following the multiply function, two pipeline stages are suggested to allow both the MREG and PREG registers to be used.  If the DSP48 was instantiated in the design, it is suggested to set both the MREG and PREG attributes to 1 when performing multiply functions.
Related violations: <none>

DPOP-2#7 Warning
MREG Output pipelining  
DSP mult_u15/U0/i_mult/gDSP.gHYBRID.iHYBRID/two_fabric_mults.dsp_based.iDSP/use_prim.appDSP48[0].bppDSP48[0].use_dsp.use_dsp48e1.iDSP48E1 multiplier stage mult_u15/U0/i_mult/gDSP.gHYBRID.iHYBRID/two_fabric_mults.dsp_based.iDSP/use_prim.appDSP48[0].bppDSP48[0].use_dsp.use_dsp48e1.iDSP48E1/P[47:0] is not pipelined (MREG=0). Pipelining the multiplier function will improve performance and will save significant power so it is suggested whenever possible to fully pipeline this function.  If this multiplier was inferred, it is suggested to describe an additional register stage after this function.  If there is no registered adder/accumulator following the multiply function, two pipeline stages are suggested to allow both the MREG and PREG registers to be used.  If the DSP48 was instantiated in the design, it is suggested to set both the MREG and PREG attributes to 1 when performing multiply functions.
Related violations: <none>

DPOP-2#8 Warning
MREG Output pipelining  
DSP mult_u16/U0/i_mult/gDSP.gHYBRID.iHYBRID/two_fabric_mults.dsp_based.iDSP/use_prim.appDSP48[0].bppDSP48[0].use_dsp.use_dsp48e1.iDSP48E1 multiplier stage mult_u16/U0/i_mult/gDSP.gHYBRID.iHYBRID/two_fabric_mults.dsp_based.iDSP/use_prim.appDSP48[0].bppDSP48[0].use_dsp.use_dsp48e1.iDSP48E1/P[47:0] is not pipelined (MREG=0). Pipelining the multiplier function will improve performance and will save significant power so it is suggested whenever possible to fully pipeline this function.  If this multiplier was inferred, it is suggested to describe an additional register stage after this function.  If there is no registered adder/accumulator following the multiply function, two pipeline stages are suggested to allow both the MREG and PREG registers to be used.  If the DSP48 was instantiated in the design, it is suggested to set both the MREG and PREG attributes to 1 when performing multiply functions.
Related violations: <none>

DPOP-2#9 Warning
MREG Output pipelining  
DSP mult_u17/U0/i_mult/gDSP.gHYBRID.iHYBRID/two_fabric_mults.dsp_based.iDSP/use_prim.appDSP48[0].bppDSP48[0].use_dsp.use_dsp48e1.iDSP48E1 multiplier stage mult_u17/U0/i_mult/gDSP.gHYBRID.iHYBRID/two_fabric_mults.dsp_based.iDSP/use_prim.appDSP48[0].bppDSP48[0].use_dsp.use_dsp48e1.iDSP48E1/P[47:0] is not pipelined (MREG=0). Pipelining the multiplier function will improve performance and will save significant power so it is suggested whenever possible to fully pipeline this function.  If this multiplier was inferred, it is suggested to describe an additional register stage after this function.  If there is no registered adder/accumulator following the multiply function, two pipeline stages are suggested to allow both the MREG and PREG registers to be used.  If the DSP48 was instantiated in the design, it is suggested to set both the MREG and PREG attributes to 1 when performing multiply functions.
Related violations: <none>

DPOP-2#10 Warning
MREG Output pipelining  
DSP mult_u18/U0/i_mult/gDSP.gHYBRID.iHYBRID/two_fabric_mults.dsp_based.iDSP/use_prim.appDSP48[0].bppDSP48[0].use_dsp.use_dsp48e1.iDSP48E1 multiplier stage mult_u18/U0/i_mult/gDSP.gHYBRID.iHYBRID/two_fabric_mults.dsp_based.iDSP/use_prim.appDSP48[0].bppDSP48[0].use_dsp.use_dsp48e1.iDSP48E1/P[47:0] is not pipelined (MREG=0). Pipelining the multiplier function will improve performance and will save significant power so it is suggested whenever possible to fully pipeline this function.  If this multiplier was inferred, it is suggested to describe an additional register stage after this function.  If there is no registered adder/accumulator following the multiply function, two pipeline stages are suggested to allow both the MREG and PREG registers to be used.  If the DSP48 was instantiated in the design, it is suggested to set both the MREG and PREG attributes to 1 when performing multiply functions.
Related violations: <none>

DPOP-2#11 Warning
MREG Output pipelining  
DSP mult_u19/U0/i_mult/gDSP.gHYBRID.iHYBRID/two_fabric_mults.dsp_based.iDSP/use_prim.appDSP48[0].bppDSP48[0].use_dsp.use_dsp48e1.iDSP48E1 multiplier stage mult_u19/U0/i_mult/gDSP.gHYBRID.iHYBRID/two_fabric_mults.dsp_based.iDSP/use_prim.appDSP48[0].bppDSP48[0].use_dsp.use_dsp48e1.iDSP48E1/P[47:0] is not pipelined (MREG=0). Pipelining the multiplier function will improve performance and will save significant power so it is suggested whenever possible to fully pipeline this function.  If this multiplier was inferred, it is suggested to describe an additional register stage after this function.  If there is no registered adder/accumulator following the multiply function, two pipeline stages are suggested to allow both the MREG and PREG registers to be used.  If the DSP48 was instantiated in the design, it is suggested to set both the MREG and PREG attributes to 1 when performing multiply functions.
Related violations: <none>

DPOP-2#12 Warning
MREG Output pipelining  
DSP mult_u2/U0/i_mult/gDSP.gHYBRID.iHYBRID/two_fabric_mults.dsp_based.iDSP/use_prim.appDSP48[0].bppDSP48[0].use_dsp.use_dsp48e1.iDSP48E1 multiplier stage mult_u2/U0/i_mult/gDSP.gHYBRID.iHYBRID/two_fabric_mults.dsp_based.iDSP/use_prim.appDSP48[0].bppDSP48[0].use_dsp.use_dsp48e1.iDSP48E1/P[47:0] is not pipelined (MREG=0). Pipelining the multiplier function will improve performance and will save significant power so it is suggested whenever possible to fully pipeline this function.  If this multiplier was inferred, it is suggested to describe an additional register stage after this function.  If there is no registered adder/accumulator following the multiply function, two pipeline stages are suggested to allow both the MREG and PREG registers to be used.  If the DSP48 was instantiated in the design, it is suggested to set both the MREG and PREG attributes to 1 when performing multiply functions.
Related violations: <none>

DPOP-2#13 Warning
MREG Output pipelining  
DSP mult_u20/U0/i_mult/gDSP.gHYBRID.iHYBRID/two_fabric_mults.dsp_based.iDSP/use_prim.appDSP48[0].bppDSP48[0].use_dsp.use_dsp48e1.iDSP48E1 multiplier stage mult_u20/U0/i_mult/gDSP.gHYBRID.iHYBRID/two_fabric_mults.dsp_based.iDSP/use_prim.appDSP48[0].bppDSP48[0].use_dsp.use_dsp48e1.iDSP48E1/P[47:0] is not pipelined (MREG=0). Pipelining the multiplier function will improve performance and will save significant power so it is suggested whenever possible to fully pipeline this function.  If this multiplier was inferred, it is suggested to describe an additional register stage after this function.  If there is no registered adder/accumulator following the multiply function, two pipeline stages are suggested to allow both the MREG and PREG registers to be used.  If the DSP48 was instantiated in the design, it is suggested to set both the MREG and PREG attributes to 1 when performing multiply functions.
Related violations: <none>

DPOP-2#14 Warning
MREG Output pipelining  
DSP mult_u21/U0/i_mult/gDSP.gHYBRID.iHYBRID/two_fabric_mults.dsp_based.iDSP/use_prim.appDSP48[0].bppDSP48[0].use_dsp.use_dsp48e1.iDSP48E1 multiplier stage mult_u21/U0/i_mult/gDSP.gHYBRID.iHYBRID/two_fabric_mults.dsp_based.iDSP/use_prim.appDSP48[0].bppDSP48[0].use_dsp.use_dsp48e1.iDSP48E1/P[47:0] is not pipelined (MREG=0). Pipelining the multiplier function will improve performance and will save significant power so it is suggested whenever possible to fully pipeline this function.  If this multiplier was inferred, it is suggested to describe an additional register stage after this function.  If there is no registered adder/accumulator following the multiply function, two pipeline stages are suggested to allow both the MREG and PREG registers to be used.  If the DSP48 was instantiated in the design, it is suggested to set both the MREG and PREG attributes to 1 when performing multiply functions.
Related violations: <none>

DPOP-2#15 Warning
MREG Output pipelining  
DSP mult_u22/U0/i_mult/gDSP.gHYBRID.iHYBRID/two_fabric_mults.dsp_based.iDSP/use_prim.appDSP48[0].bppDSP48[0].use_dsp.use_dsp48e1.iDSP48E1 multiplier stage mult_u22/U0/i_mult/gDSP.gHYBRID.iHYBRID/two_fabric_mults.dsp_based.iDSP/use_prim.appDSP48[0].bppDSP48[0].use_dsp.use_dsp48e1.iDSP48E1/P[47:0] is not pipelined (MREG=0). Pipelining the multiplier function will improve performance and will save significant power so it is suggested whenever possible to fully pipeline this function.  If this multiplier was inferred, it is suggested to describe an additional register stage after this function.  If there is no registered adder/accumulator following the multiply function, two pipeline stages are suggested to allow both the MREG and PREG registers to be used.  If the DSP48 was instantiated in the design, it is suggested to set both the MREG and PREG attributes to 1 when performing multiply functions.
Related violations: <none>

DPOP-2#16 Warning
MREG Output pipelining  
DSP mult_u23/U0/i_mult/gDSP.gHYBRID.iHYBRID/two_fabric_mults.dsp_based.iDSP/use_prim.appDSP48[0].bppDSP48[0].use_dsp.use_dsp48e1.iDSP48E1 multiplier stage mult_u23/U0/i_mult/gDSP.gHYBRID.iHYBRID/two_fabric_mults.dsp_based.iDSP/use_prim.appDSP48[0].bppDSP48[0].use_dsp.use_dsp48e1.iDSP48E1/P[47:0] is not pipelined (MREG=0). Pipelining the multiplier function will improve performance and will save significant power so it is suggested whenever possible to fully pipeline this function.  If this multiplier was inferred, it is suggested to describe an additional register stage after this function.  If there is no registered adder/accumulator following the multiply function, two pipeline stages are suggested to allow both the MREG and PREG registers to be used.  If the DSP48 was instantiated in the design, it is suggested to set both the MREG and PREG attributes to 1 when performing multiply functions.
Related violations: <none>

DPOP-2#17 Warning
MREG Output pipelining  
DSP mult_u24/U0/i_mult/gDSP.gHYBRID.iHYBRID/two_fabric_mults.dsp_based.iDSP/use_prim.appDSP48[0].bppDSP48[0].use_dsp.use_dsp48e1.iDSP48E1 multiplier stage mult_u24/U0/i_mult/gDSP.gHYBRID.iHYBRID/two_fabric_mults.dsp_based.iDSP/use_prim.appDSP48[0].bppDSP48[0].use_dsp.use_dsp48e1.iDSP48E1/P[47:0] is not pipelined (MREG=0). Pipelining the multiplier function will improve performance and will save significant power so it is suggested whenever possible to fully pipeline this function.  If this multiplier was inferred, it is suggested to describe an additional register stage after this function.  If there is no registered adder/accumulator following the multiply function, two pipeline stages are suggested to allow both the MREG and PREG registers to be used.  If the DSP48 was instantiated in the design, it is suggested to set both the MREG and PREG attributes to 1 when performing multiply functions.
Related violations: <none>

DPOP-2#18 Warning
MREG Output pipelining  
DSP mult_u25/U0/i_mult/gDSP.gHYBRID.iHYBRID/two_fabric_mults.dsp_based.iDSP/use_prim.appDSP48[0].bppDSP48[0].use_dsp.use_dsp48e1.iDSP48E1 multiplier stage mult_u25/U0/i_mult/gDSP.gHYBRID.iHYBRID/two_fabric_mults.dsp_based.iDSP/use_prim.appDSP48[0].bppDSP48[0].use_dsp.use_dsp48e1.iDSP48E1/P[47:0] is not pipelined (MREG=0). Pipelining the multiplier function will improve performance and will save significant power so it is suggested whenever possible to fully pipeline this function.  If this multiplier was inferred, it is suggested to describe an additional register stage after this function.  If there is no registered adder/accumulator following the multiply function, two pipeline stages are suggested to allow both the MREG and PREG registers to be used.  If the DSP48 was instantiated in the design, it is suggested to set both the MREG and PREG attributes to 1 when performing multiply functions.
Related violations: <none>

DPOP-2#19 Warning
MREG Output pipelining  
DSP mult_u26/U0/i_mult/gDSP.gHYBRID.iHYBRID/two_fabric_mults.dsp_based.iDSP/use_prim.appDSP48[0].bppDSP48[0].use_dsp.use_dsp48e1.iDSP48E1 multiplier stage mult_u26/U0/i_mult/gDSP.gHYBRID.iHYBRID/two_fabric_mults.dsp_based.iDSP/use_prim.appDSP48[0].bppDSP48[0].use_dsp.use_dsp48e1.iDSP48E1/P[47:0] is not pipelined (MREG=0). Pipelining the multiplier function will improve performance and will save significant power so it is suggested whenever possible to fully pipeline this function.  If this multiplier was inferred, it is suggested to describe an additional register stage after this function.  If there is no registered adder/accumulator following the multiply function, two pipeline stages are suggested to allow both the MREG and PREG registers to be used.  If the DSP48 was instantiated in the design, it is suggested to set both the MREG and PREG attributes to 1 when performing multiply functions.
Related violations: <none>

DPOP-2#20 Warning
MREG Output pipelining  
DSP mult_u27/U0/i_mult/gDSP.gHYBRID.iHYBRID/two_fabric_mults.dsp_based.iDSP/use_prim.appDSP48[0].bppDSP48[0].use_dsp.use_dsp48e1.iDSP48E1 multiplier stage mult_u27/U0/i_mult/gDSP.gHYBRID.iHYBRID/two_fabric_mults.dsp_based.iDSP/use_prim.appDSP48[0].bppDSP48[0].use_dsp.use_dsp48e1.iDSP48E1/P[47:0] is not pipelined (MREG=0). Pipelining the multiplier function will improve performance and will save significant power so it is suggested whenever possible to fully pipeline this function.  If this multiplier was inferred, it is suggested to describe an additional register stage after this function.  If there is no registered adder/accumulator following the multiply function, two pipeline stages are suggested to allow both the MREG and PREG registers to be used.  If the DSP48 was instantiated in the design, it is suggested to set both the MREG and PREG attributes to 1 when performing multiply functions.
Related violations: <none>

DPOP-2#21 Warning
MREG Output pipelining  
DSP mult_u28/U0/i_mult/gDSP.gHYBRID.iHYBRID/two_fabric_mults.dsp_based.iDSP/use_prim.appDSP48[0].bppDSP48[0].use_dsp.use_dsp48e1.iDSP48E1 multiplier stage mult_u28/U0/i_mult/gDSP.gHYBRID.iHYBRID/two_fabric_mults.dsp_based.iDSP/use_prim.appDSP48[0].bppDSP48[0].use_dsp.use_dsp48e1.iDSP48E1/P[47:0] is not pipelined (MREG=0). Pipelining the multiplier function will improve performance and will save significant power so it is suggested whenever possible to fully pipeline this function.  If this multiplier was inferred, it is suggested to describe an additional register stage after this function.  If there is no registered adder/accumulator following the multiply function, two pipeline stages are suggested to allow both the MREG and PREG registers to be used.  If the DSP48 was instantiated in the design, it is suggested to set both the MREG and PREG attributes to 1 when performing multiply functions.
Related violations: <none>

DPOP-2#22 Warning
MREG Output pipelining  
DSP mult_u29/U0/i_mult/gDSP.gHYBRID.iHYBRID/two_fabric_mults.dsp_based.iDSP/use_prim.appDSP48[0].bppDSP48[0].use_dsp.use_dsp48e1.iDSP48E1 multiplier stage mult_u29/U0/i_mult/gDSP.gHYBRID.iHYBRID/two_fabric_mults.dsp_based.iDSP/use_prim.appDSP48[0].bppDSP48[0].use_dsp.use_dsp48e1.iDSP48E1/P[47:0] is not pipelined (MREG=0). Pipelining the multiplier function will improve performance and will save significant power so it is suggested whenever possible to fully pipeline this function.  If this multiplier was inferred, it is suggested to describe an additional register stage after this function.  If there is no registered adder/accumulator following the multiply function, two pipeline stages are suggested to allow both the MREG and PREG registers to be used.  If the DSP48 was instantiated in the design, it is suggested to set both the MREG and PREG attributes to 1 when performing multiply functions.
Related violations: <none>

DPOP-2#23 Warning
MREG Output pipelining  
DSP mult_u3/U0/i_mult/gDSP.gHYBRID.iHYBRID/two_fabric_mults.dsp_based.iDSP/use_prim.appDSP48[0].bppDSP48[0].use_dsp.use_dsp48e1.iDSP48E1 multiplier stage mult_u3/U0/i_mult/gDSP.gHYBRID.iHYBRID/two_fabric_mults.dsp_based.iDSP/use_prim.appDSP48[0].bppDSP48[0].use_dsp.use_dsp48e1.iDSP48E1/P[47:0] is not pipelined (MREG=0). Pipelining the multiplier function will improve performance and will save significant power so it is suggested whenever possible to fully pipeline this function.  If this multiplier was inferred, it is suggested to describe an additional register stage after this function.  If there is no registered adder/accumulator following the multiply function, two pipeline stages are suggested to allow both the MREG and PREG registers to be used.  If the DSP48 was instantiated in the design, it is suggested to set both the MREG and PREG attributes to 1 when performing multiply functions.
Related violations: <none>

DPOP-2#24 Warning
MREG Output pipelining  
DSP mult_u30/U0/i_mult/gDSP.gHYBRID.iHYBRID/two_fabric_mults.dsp_based.iDSP/use_prim.appDSP48[0].bppDSP48[0].use_dsp.use_dsp48e1.iDSP48E1 multiplier stage mult_u30/U0/i_mult/gDSP.gHYBRID.iHYBRID/two_fabric_mults.dsp_based.iDSP/use_prim.appDSP48[0].bppDSP48[0].use_dsp.use_dsp48e1.iDSP48E1/P[47:0] is not pipelined (MREG=0). Pipelining the multiplier function will improve performance and will save significant power so it is suggested whenever possible to fully pipeline this function.  If this multiplier was inferred, it is suggested to describe an additional register stage after this function.  If there is no registered adder/accumulator following the multiply function, two pipeline stages are suggested to allow both the MREG and PREG registers to be used.  If the DSP48 was instantiated in the design, it is suggested to set both the MREG and PREG attributes to 1 when performing multiply functions.
Related violations: <none>

DPOP-2#25 Warning
MREG Output pipelining  
DSP mult_u31/U0/i_mult/gDSP.gHYBRID.iHYBRID/two_fabric_mults.dsp_based.iDSP/use_prim.appDSP48[0].bppDSP48[0].use_dsp.use_dsp48e1.iDSP48E1 multiplier stage mult_u31/U0/i_mult/gDSP.gHYBRID.iHYBRID/two_fabric_mults.dsp_based.iDSP/use_prim.appDSP48[0].bppDSP48[0].use_dsp.use_dsp48e1.iDSP48E1/P[47:0] is not pipelined (MREG=0). Pipelining the multiplier function will improve performance and will save significant power so it is suggested whenever possible to fully pipeline this function.  If this multiplier was inferred, it is suggested to describe an additional register stage after this function.  If there is no registered adder/accumulator following the multiply function, two pipeline stages are suggested to allow both the MREG and PREG registers to be used.  If the DSP48 was instantiated in the design, it is suggested to set both the MREG and PREG attributes to 1 when performing multiply functions.
Related violations: <none>

DPOP-2#26 Warning
MREG Output pipelining  
DSP mult_u32/U0/i_mult/gDSP.gHYBRID.iHYBRID/two_fabric_mults.dsp_based.iDSP/use_prim.appDSP48[0].bppDSP48[0].use_dsp.use_dsp48e1.iDSP48E1 multiplier stage mult_u32/U0/i_mult/gDSP.gHYBRID.iHYBRID/two_fabric_mults.dsp_based.iDSP/use_prim.appDSP48[0].bppDSP48[0].use_dsp.use_dsp48e1.iDSP48E1/P[47:0] is not pipelined (MREG=0). Pipelining the multiplier function will improve performance and will save significant power so it is suggested whenever possible to fully pipeline this function.  If this multiplier was inferred, it is suggested to describe an additional register stage after this function.  If there is no registered adder/accumulator following the multiply function, two pipeline stages are suggested to allow both the MREG and PREG registers to be used.  If the DSP48 was instantiated in the design, it is suggested to set both the MREG and PREG attributes to 1 when performing multiply functions.
Related violations: <none>

DPOP-2#27 Warning
MREG Output pipelining  
DSP mult_u33/U0/i_mult/gDSP.gHYBRID.iHYBRID/two_fabric_mults.dsp_based.iDSP/use_prim.appDSP48[0].bppDSP48[0].use_dsp.use_dsp48e1.iDSP48E1 multiplier stage mult_u33/U0/i_mult/gDSP.gHYBRID.iHYBRID/two_fabric_mults.dsp_based.iDSP/use_prim.appDSP48[0].bppDSP48[0].use_dsp.use_dsp48e1.iDSP48E1/P[47:0] is not pipelined (MREG=0). Pipelining the multiplier function will improve performance and will save significant power so it is suggested whenever possible to fully pipeline this function.  If this multiplier was inferred, it is suggested to describe an additional register stage after this function.  If there is no registered adder/accumulator following the multiply function, two pipeline stages are suggested to allow both the MREG and PREG registers to be used.  If the DSP48 was instantiated in the design, it is suggested to set both the MREG and PREG attributes to 1 when performing multiply functions.
Related violations: <none>

DPOP-2#28 Warning
MREG Output pipelining  
DSP mult_u34/U0/i_mult/gDSP.gHYBRID.iHYBRID/two_fabric_mults.dsp_based.iDSP/use_prim.appDSP48[0].bppDSP48[0].use_dsp.use_dsp48e1.iDSP48E1 multiplier stage mult_u34/U0/i_mult/gDSP.gHYBRID.iHYBRID/two_fabric_mults.dsp_based.iDSP/use_prim.appDSP48[0].bppDSP48[0].use_dsp.use_dsp48e1.iDSP48E1/P[47:0] is not pipelined (MREG=0). Pipelining the multiplier function will improve performance and will save significant power so it is suggested whenever possible to fully pipeline this function.  If this multiplier was inferred, it is suggested to describe an additional register stage after this function.  If there is no registered adder/accumulator following the multiply function, two pipeline stages are suggested to allow both the MREG and PREG registers to be used.  If the DSP48 was instantiated in the design, it is suggested to set both the MREG and PREG attributes to 1 when performing multiply functions.
Related violations: <none>

DPOP-2#29 Warning
MREG Output pipelining  
DSP mult_u35/U0/i_mult/gDSP.gHYBRID.iHYBRID/two_fabric_mults.dsp_based.iDSP/use_prim.appDSP48[0].bppDSP48[0].use_dsp.use_dsp48e1.iDSP48E1 multiplier stage mult_u35/U0/i_mult/gDSP.gHYBRID.iHYBRID/two_fabric_mults.dsp_based.iDSP/use_prim.appDSP48[0].bppDSP48[0].use_dsp.use_dsp48e1.iDSP48E1/P[47:0] is not pipelined (MREG=0). Pipelining the multiplier function will improve performance and will save significant power so it is suggested whenever possible to fully pipeline this function.  If this multiplier was inferred, it is suggested to describe an additional register stage after this function.  If there is no registered adder/accumulator following the multiply function, two pipeline stages are suggested to allow both the MREG and PREG registers to be used.  If the DSP48 was instantiated in the design, it is suggested to set both the MREG and PREG attributes to 1 when performing multiply functions.
Related violations: <none>

DPOP-2#30 Warning
MREG Output pipelining  
DSP mult_u36/U0/i_mult/gDSP.gHYBRID.iHYBRID/two_fabric_mults.dsp_based.iDSP/use_prim.appDSP48[0].bppDSP48[0].use_dsp.use_dsp48e1.iDSP48E1 multiplier stage mult_u36/U0/i_mult/gDSP.gHYBRID.iHYBRID/two_fabric_mults.dsp_based.iDSP/use_prim.appDSP48[0].bppDSP48[0].use_dsp.use_dsp48e1.iDSP48E1/P[47:0] is not pipelined (MREG=0). Pipelining the multiplier function will improve performance and will save significant power so it is suggested whenever possible to fully pipeline this function.  If this multiplier was inferred, it is suggested to describe an additional register stage after this function.  If there is no registered adder/accumulator following the multiply function, two pipeline stages are suggested to allow both the MREG and PREG registers to be used.  If the DSP48 was instantiated in the design, it is suggested to set both the MREG and PREG attributes to 1 when performing multiply functions.
Related violations: <none>

DPOP-2#31 Warning
MREG Output pipelining  
DSP mult_u37/U0/i_mult/gDSP.gHYBRID.iHYBRID/two_fabric_mults.dsp_based.iDSP/use_prim.appDSP48[0].bppDSP48[0].use_dsp.use_dsp48e1.iDSP48E1 multiplier stage mult_u37/U0/i_mult/gDSP.gHYBRID.iHYBRID/two_fabric_mults.dsp_based.iDSP/use_prim.appDSP48[0].bppDSP48[0].use_dsp.use_dsp48e1.iDSP48E1/P[47:0] is not pipelined (MREG=0). Pipelining the multiplier function will improve performance and will save significant power so it is suggested whenever possible to fully pipeline this function.  If this multiplier was inferred, it is suggested to describe an additional register stage after this function.  If there is no registered adder/accumulator following the multiply function, two pipeline stages are suggested to allow both the MREG and PREG registers to be used.  If the DSP48 was instantiated in the design, it is suggested to set both the MREG and PREG attributes to 1 when performing multiply functions.
Related violations: <none>

DPOP-2#32 Warning
MREG Output pipelining  
DSP mult_u38/U0/i_mult/gDSP.gHYBRID.iHYBRID/two_fabric_mults.dsp_based.iDSP/use_prim.appDSP48[0].bppDSP48[0].use_dsp.use_dsp48e1.iDSP48E1 multiplier stage mult_u38/U0/i_mult/gDSP.gHYBRID.iHYBRID/two_fabric_mults.dsp_based.iDSP/use_prim.appDSP48[0].bppDSP48[0].use_dsp.use_dsp48e1.iDSP48E1/P[47:0] is not pipelined (MREG=0). Pipelining the multiplier function will improve performance and will save significant power so it is suggested whenever possible to fully pipeline this function.  If this multiplier was inferred, it is suggested to describe an additional register stage after this function.  If there is no registered adder/accumulator following the multiply function, two pipeline stages are suggested to allow both the MREG and PREG registers to be used.  If the DSP48 was instantiated in the design, it is suggested to set both the MREG and PREG attributes to 1 when performing multiply functions.
Related violations: <none>

DPOP-2#33 Warning
MREG Output pipelining  
DSP mult_u39/U0/i_mult/gDSP.gHYBRID.iHYBRID/two_fabric_mults.dsp_based.iDSP/use_prim.appDSP48[0].bppDSP48[0].use_dsp.use_dsp48e1.iDSP48E1 multiplier stage mult_u39/U0/i_mult/gDSP.gHYBRID.iHYBRID/two_fabric_mults.dsp_based.iDSP/use_prim.appDSP48[0].bppDSP48[0].use_dsp.use_dsp48e1.iDSP48E1/P[47:0] is not pipelined (MREG=0). Pipelining the multiplier function will improve performance and will save significant power so it is suggested whenever possible to fully pipeline this function.  If this multiplier was inferred, it is suggested to describe an additional register stage after this function.  If there is no registered adder/accumulator following the multiply function, two pipeline stages are suggested to allow both the MREG and PREG registers to be used.  If the DSP48 was instantiated in the design, it is suggested to set both the MREG and PREG attributes to 1 when performing multiply functions.
Related violations: <none>

DPOP-2#34 Warning
MREG Output pipelining  
DSP mult_u4/U0/i_mult/gDSP.gHYBRID.iHYBRID/two_fabric_mults.dsp_based.iDSP/use_prim.appDSP48[0].bppDSP48[0].use_dsp.use_dsp48e1.iDSP48E1 multiplier stage mult_u4/U0/i_mult/gDSP.gHYBRID.iHYBRID/two_fabric_mults.dsp_based.iDSP/use_prim.appDSP48[0].bppDSP48[0].use_dsp.use_dsp48e1.iDSP48E1/P[47:0] is not pipelined (MREG=0). Pipelining the multiplier function will improve performance and will save significant power so it is suggested whenever possible to fully pipeline this function.  If this multiplier was inferred, it is suggested to describe an additional register stage after this function.  If there is no registered adder/accumulator following the multiply function, two pipeline stages are suggested to allow both the MREG and PREG registers to be used.  If the DSP48 was instantiated in the design, it is suggested to set both the MREG and PREG attributes to 1 when performing multiply functions.
Related violations: <none>

DPOP-2#35 Warning
MREG Output pipelining  
DSP mult_u40/U0/i_mult/gDSP.gHYBRID.iHYBRID/two_fabric_mults.dsp_based.iDSP/use_prim.appDSP48[0].bppDSP48[0].use_dsp.use_dsp48e1.iDSP48E1 multiplier stage mult_u40/U0/i_mult/gDSP.gHYBRID.iHYBRID/two_fabric_mults.dsp_based.iDSP/use_prim.appDSP48[0].bppDSP48[0].use_dsp.use_dsp48e1.iDSP48E1/P[47:0] is not pipelined (MREG=0). Pipelining the multiplier function will improve performance and will save significant power so it is suggested whenever possible to fully pipeline this function.  If this multiplier was inferred, it is suggested to describe an additional register stage after this function.  If there is no registered adder/accumulator following the multiply function, two pipeline stages are suggested to allow both the MREG and PREG registers to be used.  If the DSP48 was instantiated in the design, it is suggested to set both the MREG and PREG attributes to 1 when performing multiply functions.
Related violations: <none>

DPOP-2#36 Warning
MREG Output pipelining  
DSP mult_u41/U0/i_mult/gDSP.gHYBRID.iHYBRID/two_fabric_mults.dsp_based.iDSP/use_prim.appDSP48[0].bppDSP48[0].use_dsp.use_dsp48e1.iDSP48E1 multiplier stage mult_u41/U0/i_mult/gDSP.gHYBRID.iHYBRID/two_fabric_mults.dsp_based.iDSP/use_prim.appDSP48[0].bppDSP48[0].use_dsp.use_dsp48e1.iDSP48E1/P[47:0] is not pipelined (MREG=0). Pipelining the multiplier function will improve performance and will save significant power so it is suggested whenever possible to fully pipeline this function.  If this multiplier was inferred, it is suggested to describe an additional register stage after this function.  If there is no registered adder/accumulator following the multiply function, two pipeline stages are suggested to allow both the MREG and PREG registers to be used.  If the DSP48 was instantiated in the design, it is suggested to set both the MREG and PREG attributes to 1 when performing multiply functions.
Related violations: <none>

DPOP-2#37 Warning
MREG Output pipelining  
DSP mult_u42/U0/i_mult/gDSP.gHYBRID.iHYBRID/two_fabric_mults.dsp_based.iDSP/use_prim.appDSP48[0].bppDSP48[0].use_dsp.use_dsp48e1.iDSP48E1 multiplier stage mult_u42/U0/i_mult/gDSP.gHYBRID.iHYBRID/two_fabric_mults.dsp_based.iDSP/use_prim.appDSP48[0].bppDSP48[0].use_dsp.use_dsp48e1.iDSP48E1/P[47:0] is not pipelined (MREG=0). Pipelining the multiplier function will improve performance and will save significant power so it is suggested whenever possible to fully pipeline this function.  If this multiplier was inferred, it is suggested to describe an additional register stage after this function.  If there is no registered adder/accumulator following the multiply function, two pipeline stages are suggested to allow both the MREG and PREG registers to be used.  If the DSP48 was instantiated in the design, it is suggested to set both the MREG and PREG attributes to 1 when performing multiply functions.
Related violations: <none>

DPOP-2#38 Warning
MREG Output pipelining  
DSP mult_u43/U0/i_mult/gDSP.gHYBRID.iHYBRID/two_fabric_mults.dsp_based.iDSP/use_prim.appDSP48[0].bppDSP48[0].use_dsp.use_dsp48e1.iDSP48E1 multiplier stage mult_u43/U0/i_mult/gDSP.gHYBRID.iHYBRID/two_fabric_mults.dsp_based.iDSP/use_prim.appDSP48[0].bppDSP48[0].use_dsp.use_dsp48e1.iDSP48E1/P[47:0] is not pipelined (MREG=0). Pipelining the multiplier function will improve performance and will save significant power so it is suggested whenever possible to fully pipeline this function.  If this multiplier was inferred, it is suggested to describe an additional register stage after this function.  If there is no registered adder/accumulator following the multiply function, two pipeline stages are suggested to allow both the MREG and PREG registers to be used.  If the DSP48 was instantiated in the design, it is suggested to set both the MREG and PREG attributes to 1 when performing multiply functions.
Related violations: <none>

DPOP-2#39 Warning
MREG Output pipelining  
DSP mult_u44/U0/i_mult/gDSP.gHYBRID.iHYBRID/two_fabric_mults.dsp_based.iDSP/use_prim.appDSP48[0].bppDSP48[0].use_dsp.use_dsp48e1.iDSP48E1 multiplier stage mult_u44/U0/i_mult/gDSP.gHYBRID.iHYBRID/two_fabric_mults.dsp_based.iDSP/use_prim.appDSP48[0].bppDSP48[0].use_dsp.use_dsp48e1.iDSP48E1/P[47:0] is not pipelined (MREG=0). Pipelining the multiplier function will improve performance and will save significant power so it is suggested whenever possible to fully pipeline this function.  If this multiplier was inferred, it is suggested to describe an additional register stage after this function.  If there is no registered adder/accumulator following the multiply function, two pipeline stages are suggested to allow both the MREG and PREG registers to be used.  If the DSP48 was instantiated in the design, it is suggested to set both the MREG and PREG attributes to 1 when performing multiply functions.
Related violations: <none>

DPOP-2#40 Warning
MREG Output pipelining  
DSP mult_u45/U0/i_mult/gDSP.gHYBRID.iHYBRID/two_fabric_mults.dsp_based.iDSP/use_prim.appDSP48[0].bppDSP48[0].use_dsp.use_dsp48e1.iDSP48E1 multiplier stage mult_u45/U0/i_mult/gDSP.gHYBRID.iHYBRID/two_fabric_mults.dsp_based.iDSP/use_prim.appDSP48[0].bppDSP48[0].use_dsp.use_dsp48e1.iDSP48E1/P[47:0] is not pipelined (MREG=0). Pipelining the multiplier function will improve performance and will save significant power so it is suggested whenever possible to fully pipeline this function.  If this multiplier was inferred, it is suggested to describe an additional register stage after this function.  If there is no registered adder/accumulator following the multiply function, two pipeline stages are suggested to allow both the MREG and PREG registers to be used.  If the DSP48 was instantiated in the design, it is suggested to set both the MREG and PREG attributes to 1 when performing multiply functions.
Related violations: <none>

DPOP-2#41 Warning
MREG Output pipelining  
DSP mult_u46/U0/i_mult/gDSP.gHYBRID.iHYBRID/two_fabric_mults.dsp_based.iDSP/use_prim.appDSP48[0].bppDSP48[0].use_dsp.use_dsp48e1.iDSP48E1 multiplier stage mult_u46/U0/i_mult/gDSP.gHYBRID.iHYBRID/two_fabric_mults.dsp_based.iDSP/use_prim.appDSP48[0].bppDSP48[0].use_dsp.use_dsp48e1.iDSP48E1/P[47:0] is not pipelined (MREG=0). Pipelining the multiplier function will improve performance and will save significant power so it is suggested whenever possible to fully pipeline this function.  If this multiplier was inferred, it is suggested to describe an additional register stage after this function.  If there is no registered adder/accumulator following the multiply function, two pipeline stages are suggested to allow both the MREG and PREG registers to be used.  If the DSP48 was instantiated in the design, it is suggested to set both the MREG and PREG attributes to 1 when performing multiply functions.
Related violations: <none>

DPOP-2#42 Warning
MREG Output pipelining  
DSP mult_u47/U0/i_mult/gDSP.gHYBRID.iHYBRID/two_fabric_mults.dsp_based.iDSP/use_prim.appDSP48[0].bppDSP48[0].use_dsp.use_dsp48e1.iDSP48E1 multiplier stage mult_u47/U0/i_mult/gDSP.gHYBRID.iHYBRID/two_fabric_mults.dsp_based.iDSP/use_prim.appDSP48[0].bppDSP48[0].use_dsp.use_dsp48e1.iDSP48E1/P[47:0] is not pipelined (MREG=0). Pipelining the multiplier function will improve performance and will save significant power so it is suggested whenever possible to fully pipeline this function.  If this multiplier was inferred, it is suggested to describe an additional register stage after this function.  If there is no registered adder/accumulator following the multiply function, two pipeline stages are suggested to allow both the MREG and PREG registers to be used.  If the DSP48 was instantiated in the design, it is suggested to set both the MREG and PREG attributes to 1 when performing multiply functions.
Related violations: <none>

DPOP-2#43 Warning
MREG Output pipelining  
DSP mult_u48/U0/i_mult/gDSP.gHYBRID.iHYBRID/two_fabric_mults.dsp_based.iDSP/use_prim.appDSP48[0].bppDSP48[0].use_dsp.use_dsp48e1.iDSP48E1 multiplier stage mult_u48/U0/i_mult/gDSP.gHYBRID.iHYBRID/two_fabric_mults.dsp_based.iDSP/use_prim.appDSP48[0].bppDSP48[0].use_dsp.use_dsp48e1.iDSP48E1/P[47:0] is not pipelined (MREG=0). Pipelining the multiplier function will improve performance and will save significant power so it is suggested whenever possible to fully pipeline this function.  If this multiplier was inferred, it is suggested to describe an additional register stage after this function.  If there is no registered adder/accumulator following the multiply function, two pipeline stages are suggested to allow both the MREG and PREG registers to be used.  If the DSP48 was instantiated in the design, it is suggested to set both the MREG and PREG attributes to 1 when performing multiply functions.
Related violations: <none>

DPOP-2#44 Warning
MREG Output pipelining  
DSP mult_u49/U0/i_mult/gDSP.gHYBRID.iHYBRID/two_fabric_mults.dsp_based.iDSP/use_prim.appDSP48[0].bppDSP48[0].use_dsp.use_dsp48e1.iDSP48E1 multiplier stage mult_u49/U0/i_mult/gDSP.gHYBRID.iHYBRID/two_fabric_mults.dsp_based.iDSP/use_prim.appDSP48[0].bppDSP48[0].use_dsp.use_dsp48e1.iDSP48E1/P[47:0] is not pipelined (MREG=0). Pipelining the multiplier function will improve performance and will save significant power so it is suggested whenever possible to fully pipeline this function.  If this multiplier was inferred, it is suggested to describe an additional register stage after this function.  If there is no registered adder/accumulator following the multiply function, two pipeline stages are suggested to allow both the MREG and PREG registers to be used.  If the DSP48 was instantiated in the design, it is suggested to set both the MREG and PREG attributes to 1 when performing multiply functions.
Related violations: <none>

DPOP-2#45 Warning
MREG Output pipelining  
DSP mult_u5/U0/i_mult/gDSP.gHYBRID.iHYBRID/two_fabric_mults.dsp_based.iDSP/use_prim.appDSP48[0].bppDSP48[0].use_dsp.use_dsp48e1.iDSP48E1 multiplier stage mult_u5/U0/i_mult/gDSP.gHYBRID.iHYBRID/two_fabric_mults.dsp_based.iDSP/use_prim.appDSP48[0].bppDSP48[0].use_dsp.use_dsp48e1.iDSP48E1/P[47:0] is not pipelined (MREG=0). Pipelining the multiplier function will improve performance and will save significant power so it is suggested whenever possible to fully pipeline this function.  If this multiplier was inferred, it is suggested to describe an additional register stage after this function.  If there is no registered adder/accumulator following the multiply function, two pipeline stages are suggested to allow both the MREG and PREG registers to be used.  If the DSP48 was instantiated in the design, it is suggested to set both the MREG and PREG attributes to 1 when performing multiply functions.
Related violations: <none>

DPOP-2#46 Warning
MREG Output pipelining  
DSP mult_u50/U0/i_mult/gDSP.gHYBRID.iHYBRID/two_fabric_mults.dsp_based.iDSP/use_prim.appDSP48[0].bppDSP48[0].use_dsp.use_dsp48e1.iDSP48E1 multiplier stage mult_u50/U0/i_mult/gDSP.gHYBRID.iHYBRID/two_fabric_mults.dsp_based.iDSP/use_prim.appDSP48[0].bppDSP48[0].use_dsp.use_dsp48e1.iDSP48E1/P[47:0] is not pipelined (MREG=0). Pipelining the multiplier function will improve performance and will save significant power so it is suggested whenever possible to fully pipeline this function.  If this multiplier was inferred, it is suggested to describe an additional register stage after this function.  If there is no registered adder/accumulator following the multiply function, two pipeline stages are suggested to allow both the MREG and PREG registers to be used.  If the DSP48 was instantiated in the design, it is suggested to set both the MREG and PREG attributes to 1 when performing multiply functions.
Related violations: <none>

DPOP-2#47 Warning
MREG Output pipelining  
DSP mult_u6/U0/i_mult/gDSP.gHYBRID.iHYBRID/two_fabric_mults.dsp_based.iDSP/use_prim.appDSP48[0].bppDSP48[0].use_dsp.use_dsp48e1.iDSP48E1 multiplier stage mult_u6/U0/i_mult/gDSP.gHYBRID.iHYBRID/two_fabric_mults.dsp_based.iDSP/use_prim.appDSP48[0].bppDSP48[0].use_dsp.use_dsp48e1.iDSP48E1/P[47:0] is not pipelined (MREG=0). Pipelining the multiplier function will improve performance and will save significant power so it is suggested whenever possible to fully pipeline this function.  If this multiplier was inferred, it is suggested to describe an additional register stage after this function.  If there is no registered adder/accumulator following the multiply function, two pipeline stages are suggested to allow both the MREG and PREG registers to be used.  If the DSP48 was instantiated in the design, it is suggested to set both the MREG and PREG attributes to 1 when performing multiply functions.
Related violations: <none>

DPOP-2#48 Warning
MREG Output pipelining  
DSP mult_u7/U0/i_mult/gDSP.gHYBRID.iHYBRID/two_fabric_mults.dsp_based.iDSP/use_prim.appDSP48[0].bppDSP48[0].use_dsp.use_dsp48e1.iDSP48E1 multiplier stage mult_u7/U0/i_mult/gDSP.gHYBRID.iHYBRID/two_fabric_mults.dsp_based.iDSP/use_prim.appDSP48[0].bppDSP48[0].use_dsp.use_dsp48e1.iDSP48E1/P[47:0] is not pipelined (MREG=0). Pipelining the multiplier function will improve performance and will save significant power so it is suggested whenever possible to fully pipeline this function.  If this multiplier was inferred, it is suggested to describe an additional register stage after this function.  If there is no registered adder/accumulator following the multiply function, two pipeline stages are suggested to allow both the MREG and PREG registers to be used.  If the DSP48 was instantiated in the design, it is suggested to set both the MREG and PREG attributes to 1 when performing multiply functions.
Related violations: <none>

DPOP-2#49 Warning
MREG Output pipelining  
DSP mult_u8/U0/i_mult/gDSP.gHYBRID.iHYBRID/two_fabric_mults.dsp_based.iDSP/use_prim.appDSP48[0].bppDSP48[0].use_dsp.use_dsp48e1.iDSP48E1 multiplier stage mult_u8/U0/i_mult/gDSP.gHYBRID.iHYBRID/two_fabric_mults.dsp_based.iDSP/use_prim.appDSP48[0].bppDSP48[0].use_dsp.use_dsp48e1.iDSP48E1/P[47:0] is not pipelined (MREG=0). Pipelining the multiplier function will improve performance and will save significant power so it is suggested whenever possible to fully pipeline this function.  If this multiplier was inferred, it is suggested to describe an additional register stage after this function.  If there is no registered adder/accumulator following the multiply function, two pipeline stages are suggested to allow both the MREG and PREG registers to be used.  If the DSP48 was instantiated in the design, it is suggested to set both the MREG and PREG attributes to 1 when performing multiply functions.
Related violations: <none>

DPOP-2#50 Warning
MREG Output pipelining  
DSP mult_u9/U0/i_mult/gDSP.gHYBRID.iHYBRID/two_fabric_mults.dsp_based.iDSP/use_prim.appDSP48[0].bppDSP48[0].use_dsp.use_dsp48e1.iDSP48E1 multiplier stage mult_u9/U0/i_mult/gDSP.gHYBRID.iHYBRID/two_fabric_mults.dsp_based.iDSP/use_prim.appDSP48[0].bppDSP48[0].use_dsp.use_dsp48e1.iDSP48E1/P[47:0] is not pipelined (MREG=0). Pipelining the multiplier function will improve performance and will save significant power so it is suggested whenever possible to fully pipeline this function.  If this multiplier was inferred, it is suggested to describe an additional register stage after this function.  If there is no registered adder/accumulator following the multiply function, two pipeline stages are suggested to allow both the MREG and PREG registers to be used.  If the DSP48 was instantiated in the design, it is suggested to set both the MREG and PREG attributes to 1 when performing multiply functions.
Related violations: <none>

ZPS7-1#1 Warning
PS7 block required  
The PS7 cell must be used in this Zynq design in order to enable correct default configuration.
Related violations: <none>


